[2017-06-15 01:00:35,886] DEBUG preRegister called. Server=com.sun.jmx.mbeanserver.JmxMBeanServer@5052d2c4, name=log4j:logger=kafka.controller (kafka.controller)
[2017-06-15 01:00:36,646] INFO [Controller 0]: Controller starting up (kafka.controller.KafkaController)
[2017-06-15 01:00:36,660] INFO [Controller 0]: Broker 0 starting become controller state transition (kafka.controller.KafkaController)
[2017-06-15 01:00:36,670] INFO [Controller 0]: Controller 0 incremented epoch to 1 (kafka.controller.KafkaController)
[2017-06-15 01:00:36,671] DEBUG [Controller 0]: Registering IsrChangeNotificationListener (kafka.controller.KafkaController)
[2017-06-15 01:00:36,683] INFO [Controller 0]: Partitions undergoing preferred replica election:  (kafka.controller.KafkaController)
[2017-06-15 01:00:36,683] INFO [Controller 0]: Partitions that completed preferred replica election:  (kafka.controller.KafkaController)
[2017-06-15 01:00:36,684] INFO [Controller 0]: Resuming preferred replica election for partitions:  (kafka.controller.KafkaController)
[2017-06-15 01:00:36,686] INFO [Controller 0]: Partitions being reassigned: Map() (kafka.controller.KafkaController)
[2017-06-15 01:00:36,687] INFO [Controller 0]: Partitions already reassigned: Set() (kafka.controller.KafkaController)
[2017-06-15 01:00:36,687] INFO [Controller 0]: Resuming reassignment of partitions: Map() (kafka.controller.KafkaController)
[2017-06-15 01:00:36,690] INFO [Controller 0]: List of topics to be deleted:  (kafka.controller.KafkaController)
[2017-06-15 01:00:36,690] INFO [Controller 0]: List of topics ineligible for deletion:  (kafka.controller.KafkaController)
[2017-06-15 01:00:36,692] INFO [Controller 0]: Currently active brokers in the cluster: Set() (kafka.controller.KafkaController)
[2017-06-15 01:00:36,693] INFO [Controller 0]: Currently shutting brokers in the cluster: Set() (kafka.controller.KafkaController)
[2017-06-15 01:00:36,693] INFO [Controller 0]: Current list of topics in the cluster: Set() (kafka.controller.KafkaController)
[2017-06-15 01:00:36,710] INFO [Replica state machine on controller 0]: Started replica state machine with initial state -> Map() (kafka.controller.ReplicaStateMachine)
[2017-06-15 01:00:36,712] INFO [Partition state machine on Controller 0]: Started partition state machine with initial state -> Map() (kafka.controller.PartitionStateMachine)
[2017-06-15 01:00:36,713] INFO [Controller 0]: Broker 0 is ready to serve as the new controller with epoch 1 (kafka.controller.KafkaController)
[2017-06-15 01:00:36,714] INFO [Controller 0]: Starting preferred replica leader election for partitions  (kafka.controller.KafkaController)
[2017-06-15 01:00:36,715] INFO [Partition state machine on Controller 0]: Invoking state change to OnlinePartition for partitions  (kafka.controller.PartitionStateMachine)
[2017-06-15 01:00:36,721] INFO [Controller 0]: starting the partition rebalance scheduler (kafka.controller.KafkaController)
[2017-06-15 01:00:36,721] INFO [Controller 0]: Controller startup complete (kafka.controller.KafkaController)
[2017-06-15 01:00:36,794] INFO [BrokerChangeListener on Controller 0]: Broker change listener fired for path /brokers/ids with children 0 (kafka.controller.ReplicaStateMachine$BrokerChangeListener)
[2017-06-15 01:00:36,840] INFO [BrokerChangeListener on Controller 0]: Newly added brokers: 0, deleted brokers: , all live brokers: 0 (kafka.controller.ReplicaStateMachine$BrokerChangeListener)
[2017-06-15 01:00:36,841] DEBUG [Channel manager on controller 0]: Controller 0 trying to connect to broker 0 (kafka.controller.ControllerChannelManager)
[2017-06-15 01:00:36,849] INFO [Controller-0-to-broker-0-send-thread], Starting  (kafka.controller.RequestSendThread)
[2017-06-15 01:00:36,850] INFO [Controller 0]: New broker startup callback for 0 (kafka.controller.KafkaController)
[2017-06-15 01:00:36,855] INFO [Controller-0-to-broker-0-send-thread], Controller 0 connected to Sorn-PC.Speedport_W_724V_Typ_A_05011603_05_020:9092 (id: 0 rack: null) for sending state change requests (kafka.controller.RequestSendThread)
[2017-06-15 01:00:41,723] TRACE [Controller 0]: checking need to trigger partition rebalance (kafka.controller.KafkaController)
[2017-06-15 01:00:41,726] DEBUG [Controller 0]: preferred replicas by broker Map() (kafka.controller.KafkaController)
[2017-06-15 01:02:08,400] DEBUG [TopicChangeListener on Controller 0]: Topic change listener fired for path /brokers/topics with children speckvonschmeck (kafka.controller.PartitionStateMachine$TopicChangeListener)
[2017-06-15 01:02:08,430] INFO [TopicChangeListener on Controller 0]: New topics: [Set(speckvonschmeck)], deleted topics: [Set()], new partition replica assignment [Map([speckvonschmeck,0] -> List(0))] (kafka.controller.PartitionStateMachine$TopicChangeListener)
[2017-06-15 01:02:08,431] INFO [Controller 0]: New topic creation callback for [speckvonschmeck,0] (kafka.controller.KafkaController)
[2017-06-15 01:02:08,441] INFO [Controller 0]: New partition creation callback for [speckvonschmeck,0] (kafka.controller.KafkaController)
[2017-06-15 01:02:08,442] INFO [Partition state machine on Controller 0]: Invoking state change to NewPartition for partitions [speckvonschmeck,0] (kafka.controller.PartitionStateMachine)
[2017-06-15 01:02:08,445] INFO [Replica state machine on controller 0]: Invoking state change to NewReplica for replicas [Topic=speckvonschmeck,Partition=0,Replica=0] (kafka.controller.ReplicaStateMachine)
[2017-06-15 01:02:08,450] INFO [Partition state machine on Controller 0]: Invoking state change to OnlinePartition for partitions [speckvonschmeck,0] (kafka.controller.PartitionStateMachine)
[2017-06-15 01:02:08,451] DEBUG [Partition state machine on Controller 0]: Live assigned replicas for partition [speckvonschmeck,0] are: [List(0)] (kafka.controller.PartitionStateMachine)
[2017-06-15 01:02:08,453] DEBUG [Partition state machine on Controller 0]: Initializing leader and isr for partition [speckvonschmeck,0] to (Leader:0,ISR:0,LeaderEpoch:0,ControllerEpoch:1) (kafka.controller.PartitionStateMachine)
[2017-06-15 01:02:08,479] INFO [Replica state machine on controller 0]: Invoking state change to OnlineReplica for replicas [Topic=speckvonschmeck,Partition=0,Replica=0] (kafka.controller.ReplicaStateMachine)
[2017-06-15 01:05:41,721] TRACE [Controller 0]: checking need to trigger partition rebalance (kafka.controller.KafkaController)
[2017-06-15 01:05:41,722] DEBUG [Controller 0]: preferred replicas by broker Map(0 -> Map([speckvonschmeck,0] -> List(0))) (kafka.controller.KafkaController)
[2017-06-15 01:05:41,729] DEBUG [Controller 0]: topics not in preferred replica Map() (kafka.controller.KafkaController)
[2017-06-15 01:05:41,733] TRACE [Controller 0]: leader imbalance ratio for broker 0 is 0,000000 (kafka.controller.KafkaController)
[2017-06-15 01:10:41,721] TRACE [Controller 0]: checking need to trigger partition rebalance (kafka.controller.KafkaController)
[2017-06-15 01:10:41,722] DEBUG [Controller 0]: preferred replicas by broker Map(0 -> Map([speckvonschmeck,0] -> List(0))) (kafka.controller.KafkaController)
[2017-06-15 01:10:41,723] DEBUG [Controller 0]: topics not in preferred replica Map() (kafka.controller.KafkaController)
[2017-06-15 01:10:41,723] TRACE [Controller 0]: leader imbalance ratio for broker 0 is 0,000000 (kafka.controller.KafkaController)
[2017-06-15 01:15:41,721] TRACE [Controller 0]: checking need to trigger partition rebalance (kafka.controller.KafkaController)
[2017-06-15 01:15:41,722] DEBUG [Controller 0]: preferred replicas by broker Map(0 -> Map([speckvonschmeck,0] -> List(0))) (kafka.controller.KafkaController)
[2017-06-15 01:15:41,722] DEBUG [Controller 0]: topics not in preferred replica Map() (kafka.controller.KafkaController)
[2017-06-15 01:15:41,722] TRACE [Controller 0]: leader imbalance ratio for broker 0 is 0,000000 (kafka.controller.KafkaController)
[2017-06-15 01:20:41,722] TRACE [Controller 0]: checking need to trigger partition rebalance (kafka.controller.KafkaController)
[2017-06-15 01:20:41,722] DEBUG [Controller 0]: preferred replicas by broker Map(0 -> Map([speckvonschmeck,0] -> List(0))) (kafka.controller.KafkaController)
[2017-06-15 01:20:41,723] DEBUG [Controller 0]: topics not in preferred replica Map() (kafka.controller.KafkaController)
[2017-06-15 01:20:41,723] TRACE [Controller 0]: leader imbalance ratio for broker 0 is 0,000000 (kafka.controller.KafkaController)
[2017-06-15 01:25:41,722] TRACE [Controller 0]: checking need to trigger partition rebalance (kafka.controller.KafkaController)
[2017-06-15 01:25:41,723] DEBUG [Controller 0]: preferred replicas by broker Map(0 -> Map([speckvonschmeck,0] -> List(0))) (kafka.controller.KafkaController)
[2017-06-15 01:25:41,723] DEBUG [Controller 0]: topics not in preferred replica Map() (kafka.controller.KafkaController)
[2017-06-15 01:25:41,723] TRACE [Controller 0]: leader imbalance ratio for broker 0 is 0,000000 (kafka.controller.KafkaController)
[2017-06-15 01:30:41,721] TRACE [Controller 0]: checking need to trigger partition rebalance (kafka.controller.KafkaController)
[2017-06-15 01:30:41,722] DEBUG [Controller 0]: preferred replicas by broker Map(0 -> Map([speckvonschmeck,0] -> List(0))) (kafka.controller.KafkaController)
[2017-06-15 01:30:41,722] DEBUG [Controller 0]: topics not in preferred replica Map() (kafka.controller.KafkaController)
[2017-06-15 01:30:41,722] TRACE [Controller 0]: leader imbalance ratio for broker 0 is 0,000000 (kafka.controller.KafkaController)
[2017-06-15 01:35:41,721] TRACE [Controller 0]: checking need to trigger partition rebalance (kafka.controller.KafkaController)
[2017-06-15 01:35:41,721] DEBUG [Controller 0]: preferred replicas by broker Map(0 -> Map([speckvonschmeck,0] -> List(0))) (kafka.controller.KafkaController)
[2017-06-15 01:35:41,722] DEBUG [Controller 0]: topics not in preferred replica Map() (kafka.controller.KafkaController)
[2017-06-15 01:35:41,722] TRACE [Controller 0]: leader imbalance ratio for broker 0 is 0,000000 (kafka.controller.KafkaController)
[2017-06-15 01:40:41,722] TRACE [Controller 0]: checking need to trigger partition rebalance (kafka.controller.KafkaController)
[2017-06-15 01:40:41,722] DEBUG [Controller 0]: preferred replicas by broker Map(0 -> Map([speckvonschmeck,0] -> List(0))) (kafka.controller.KafkaController)
[2017-06-15 01:40:41,723] DEBUG [Controller 0]: topics not in preferred replica Map() (kafka.controller.KafkaController)
[2017-06-15 01:40:41,723] TRACE [Controller 0]: leader imbalance ratio for broker 0 is 0,000000 (kafka.controller.KafkaController)
[2017-06-15 01:45:41,721] TRACE [Controller 0]: checking need to trigger partition rebalance (kafka.controller.KafkaController)
[2017-06-15 01:45:41,722] DEBUG [Controller 0]: preferred replicas by broker Map(0 -> Map([speckvonschmeck,0] -> List(0))) (kafka.controller.KafkaController)
[2017-06-15 01:45:41,722] DEBUG [Controller 0]: topics not in preferred replica Map() (kafka.controller.KafkaController)
[2017-06-15 01:45:41,722] TRACE [Controller 0]: leader imbalance ratio for broker 0 is 0,000000 (kafka.controller.KafkaController)
[2017-06-15 01:50:41,722] TRACE [Controller 0]: checking need to trigger partition rebalance (kafka.controller.KafkaController)
[2017-06-15 01:50:41,722] DEBUG [Controller 0]: preferred replicas by broker Map(0 -> Map([speckvonschmeck,0] -> List(0))) (kafka.controller.KafkaController)
[2017-06-15 01:50:41,722] DEBUG [Controller 0]: topics not in preferred replica Map() (kafka.controller.KafkaController)
[2017-06-15 01:50:41,722] TRACE [Controller 0]: leader imbalance ratio for broker 0 is 0,000000 (kafka.controller.KafkaController)
[2017-06-15 01:55:41,721] TRACE [Controller 0]: checking need to trigger partition rebalance (kafka.controller.KafkaController)
[2017-06-15 01:55:41,721] DEBUG [Controller 0]: preferred replicas by broker Map(0 -> Map([speckvonschmeck,0] -> List(0))) (kafka.controller.KafkaController)
[2017-06-15 01:55:41,721] DEBUG [Controller 0]: topics not in preferred replica Map() (kafka.controller.KafkaController)
[2017-06-15 01:55:41,722] TRACE [Controller 0]: leader imbalance ratio for broker 0 is 0,000000 (kafka.controller.KafkaController)
[2017-06-15 02:00:41,722] TRACE [Controller 0]: checking need to trigger partition rebalance (kafka.controller.KafkaController)
[2017-06-15 02:00:41,728] DEBUG [Controller 0]: preferred replicas by broker Map(0 -> Map([speckvonschmeck,0] -> List(0))) (kafka.controller.KafkaController)
[2017-06-15 02:00:41,728] DEBUG [Controller 0]: topics not in preferred replica Map() (kafka.controller.KafkaController)
[2017-06-15 02:00:41,729] TRACE [Controller 0]: leader imbalance ratio for broker 0 is 0,000000 (kafka.controller.KafkaController)
[2017-06-15 02:05:41,722] TRACE [Controller 0]: checking need to trigger partition rebalance (kafka.controller.KafkaController)
[2017-06-15 02:05:41,723] DEBUG [Controller 0]: preferred replicas by broker Map(0 -> Map([speckvonschmeck,0] -> List(0))) (kafka.controller.KafkaController)
[2017-06-15 02:05:41,723] DEBUG [Controller 0]: topics not in preferred replica Map() (kafka.controller.KafkaController)
[2017-06-15 02:05:41,724] TRACE [Controller 0]: leader imbalance ratio for broker 0 is 0,000000 (kafka.controller.KafkaController)
