[2017-06-15 01:00:36,560] INFO Starting the log cleaner (kafka.log.LogCleaner)
[2017-06-15 01:00:36,561] INFO [kafka-log-cleaner-thread-0], Starting  (kafka.log.LogCleaner)
[2017-06-15 16:45:07,540] INFO Starting the log cleaner (kafka.log.LogCleaner)
[2017-06-15 16:45:07,546] INFO [kafka-log-cleaner-thread-0], Starting  (kafka.log.LogCleaner)
[2017-06-15 17:43:28,082] INFO Starting the log cleaner (kafka.log.LogCleaner)
[2017-06-15 17:43:28,083] INFO [kafka-log-cleaner-thread-0], Starting  (kafka.log.LogCleaner)
[2017-06-15 17:43:35,152] INFO Shutting down the log cleaner. (kafka.log.LogCleaner)
[2017-06-15 17:43:35,153] INFO [kafka-log-cleaner-thread-0], Shutting down (kafka.log.LogCleaner)
[2017-06-15 17:43:35,153] INFO [kafka-log-cleaner-thread-0], Stopped  (kafka.log.LogCleaner)
[2017-06-15 17:43:35,153] INFO [kafka-log-cleaner-thread-0], Shutdown completed (kafka.log.LogCleaner)
[2017-06-15 17:46:10,247] INFO Starting the log cleaner (kafka.log.LogCleaner)
[2017-06-15 17:46:10,248] INFO [kafka-log-cleaner-thread-0], Starting  (kafka.log.LogCleaner)
[2017-06-15 18:51:15,837] INFO Starting the log cleaner (kafka.log.LogCleaner)
[2017-06-15 18:51:15,838] INFO [kafka-log-cleaner-thread-0], Starting  (kafka.log.LogCleaner)
[2017-06-22 13:34:49,660] INFO Starting the log cleaner (kafka.log.LogCleaner)
[2017-06-22 13:34:49,661] INFO [kafka-log-cleaner-thread-0], Starting  (kafka.log.LogCleaner)
[2017-06-22 13:34:49,675] INFO Cleaner 0: Beginning cleaning of log __consumer_offsets-36. (kafka.log.LogCleaner)
[2017-06-22 13:34:49,675] INFO Cleaner 0: Building offset map for __consumer_offsets-36... (kafka.log.LogCleaner)
[2017-06-22 13:34:49,700] INFO Cleaner 0: Building offset map for log __consumer_offsets-36 for 1 segments in offset range [0, 3053). (kafka.log.LogCleaner)
[2017-06-22 13:34:49,729] INFO Cleaner 0: Offset map for log __consumer_offsets-36 complete. (kafka.log.LogCleaner)
[2017-06-22 13:34:49,735] INFO Cleaner 0: Cleaning log __consumer_offsets-36 (cleaning prior to Thu Jun 15 20:24:02 CEST 2017, discarding tombstones prior to Thu Jan 01 01:00:00 CET 1970)... (kafka.log.LogCleaner)
[2017-06-22 13:34:49,740] INFO Cleaner 0: Cleaning segment 0 in log __consumer_offsets-36 (largest timestamp Thu Jun 15 20:24:02 CEST 2017) into 0, retaining deletes. (kafka.log.LogCleaner)
[2017-06-22 13:34:49,762] INFO Cleaner 0: Swapping in cleaned segment 0 for segment(s) 0 in log __consumer_offsets-36. (kafka.log.LogCleaner)
[2017-06-22 13:34:49,776] ERROR [kafka-log-cleaner-thread-0], Error due to  (kafka.log.LogCleaner)
kafka.common.KafkaStorageException: Failed to change the log file suffix from .cleaned to .swap for log segment 0
	at kafka.log.LogSegment.kafkaStorageException$1(LogSegment.scala:340)
	at kafka.log.LogSegment.changeFileSuffixes(LogSegment.scala:342)
	at kafka.log.Log.replaceSegments(Log.scala:1018)
	at kafka.log.Cleaner.cleanSegments(LogCleaner.scala:426)
	at kafka.log.Cleaner$$anonfun$clean$4.apply(LogCleaner.scala:363)
	at kafka.log.Cleaner$$anonfun$clean$4.apply(LogCleaner.scala:362)
	at scala.collection.immutable.List.foreach(List.scala:381)
	at kafka.log.Cleaner.clean(LogCleaner.scala:362)
	at kafka.log.LogCleaner$CleanerThread.cleanOrSleep(LogCleaner.scala:241)
	at kafka.log.LogCleaner$CleanerThread.doWork(LogCleaner.scala:220)
	at kafka.utils.ShutdownableThread.run(ShutdownableThread.scala:63)
Caused by: java.nio.file.FileSystemException: \tmp\kafka-logs\__consumer_offsets-36\00000000000000000000.log.cleaned -> \tmp\kafka-logs\__consumer_offsets-36\00000000000000000000.log.swap: Der Prozess kann nicht auf die Datei zugreifen, da sie von einem anderen Prozess verwendet wird.

	at sun.nio.fs.WindowsException.translateToIOException(Unknown Source)
	at sun.nio.fs.WindowsException.rethrowAsIOException(Unknown Source)
	at sun.nio.fs.WindowsFileCopy.move(Unknown Source)
	at sun.nio.fs.WindowsFileSystemProvider.move(Unknown Source)
	at java.nio.file.Files.move(Unknown Source)
	at org.apache.kafka.common.utils.Utils.atomicMoveWithFallback(Utils.java:711)
	at org.apache.kafka.common.record.FileRecords.renameTo(FileRecords.java:210)
	... 10 more
	Suppressed: java.nio.file.FileSystemException: \tmp\kafka-logs\__consumer_offsets-36\00000000000000000000.log.cleaned -> \tmp\kafka-logs\__consumer_offsets-36\00000000000000000000.log.swap: Der Prozess kann nicht auf die Datei zugreifen, da sie von einem anderen Prozess verwendet wird.

		at sun.nio.fs.WindowsException.translateToIOException(Unknown Source)
		at sun.nio.fs.WindowsException.rethrowAsIOException(Unknown Source)
		at sun.nio.fs.WindowsFileCopy.move(Unknown Source)
		at sun.nio.fs.WindowsFileSystemProvider.move(Unknown Source)
		at java.nio.file.Files.move(Unknown Source)
		at org.apache.kafka.common.utils.Utils.atomicMoveWithFallback(Utils.java:708)
		... 11 more
[2017-06-22 13:34:49,779] INFO [kafka-log-cleaner-thread-0], Stopped  (kafka.log.LogCleaner)
[2017-06-28 17:02:19,782] INFO Starting the log cleaner (kafka.log.LogCleaner)
[2017-06-28 17:02:19,784] INFO [kafka-log-cleaner-thread-0], Starting  (kafka.log.LogCleaner)
[2017-06-28 17:02:19,798] INFO Cleaner 0: Beginning cleaning of log __consumer_offsets-36. (kafka.log.LogCleaner)
[2017-06-28 17:02:19,798] INFO Cleaner 0: Building offset map for __consumer_offsets-36... (kafka.log.LogCleaner)
[2017-06-28 17:02:19,822] INFO Cleaner 0: Building offset map for log __consumer_offsets-36 for 1 segments in offset range [0, 3053). (kafka.log.LogCleaner)
[2017-06-28 17:02:19,849] INFO Cleaner 0: Offset map for log __consumer_offsets-36 complete. (kafka.log.LogCleaner)
[2017-06-28 17:02:19,852] INFO Cleaner 0: Cleaning log __consumer_offsets-36 (cleaning prior to Thu Jun 15 20:24:02 CEST 2017, discarding tombstones prior to Thu Jan 01 01:00:00 CET 1970)... (kafka.log.LogCleaner)
[2017-06-28 17:02:19,857] INFO Cleaner 0: Cleaning segment 0 in log __consumer_offsets-36 (largest timestamp Thu Jun 15 20:24:02 CEST 2017) into 0, retaining deletes. (kafka.log.LogCleaner)
[2017-06-28 17:02:19,872] INFO Cleaner 0: Swapping in cleaned segment 0 for segment(s) 0 in log __consumer_offsets-36. (kafka.log.LogCleaner)
[2017-06-28 17:02:19,879] ERROR [kafka-log-cleaner-thread-0], Error due to  (kafka.log.LogCleaner)
kafka.common.KafkaStorageException: Failed to change the log file suffix from .cleaned to .swap for log segment 0
	at kafka.log.LogSegment.kafkaStorageException$1(LogSegment.scala:340)
	at kafka.log.LogSegment.changeFileSuffixes(LogSegment.scala:342)
	at kafka.log.Log.replaceSegments(Log.scala:1018)
	at kafka.log.Cleaner.cleanSegments(LogCleaner.scala:426)
	at kafka.log.Cleaner$$anonfun$clean$4.apply(LogCleaner.scala:363)
	at kafka.log.Cleaner$$anonfun$clean$4.apply(LogCleaner.scala:362)
	at scala.collection.immutable.List.foreach(List.scala:381)
	at kafka.log.Cleaner.clean(LogCleaner.scala:362)
	at kafka.log.LogCleaner$CleanerThread.cleanOrSleep(LogCleaner.scala:241)
	at kafka.log.LogCleaner$CleanerThread.doWork(LogCleaner.scala:220)
	at kafka.utils.ShutdownableThread.run(ShutdownableThread.scala:63)
Caused by: java.nio.file.FileSystemException: \tmp\kafka-logs\__consumer_offsets-36\00000000000000000000.log.cleaned -> \tmp\kafka-logs\__consumer_offsets-36\00000000000000000000.log.swap: Der Prozess kann nicht auf die Datei zugreifen, da sie von einem anderen Prozess verwendet wird.

	at sun.nio.fs.WindowsException.translateToIOException(Unknown Source)
	at sun.nio.fs.WindowsException.rethrowAsIOException(Unknown Source)
	at sun.nio.fs.WindowsFileCopy.move(Unknown Source)
	at sun.nio.fs.WindowsFileSystemProvider.move(Unknown Source)
	at java.nio.file.Files.move(Unknown Source)
	at org.apache.kafka.common.utils.Utils.atomicMoveWithFallback(Utils.java:711)
	at org.apache.kafka.common.record.FileRecords.renameTo(FileRecords.java:210)
	... 10 more
	Suppressed: java.nio.file.FileSystemException: \tmp\kafka-logs\__consumer_offsets-36\00000000000000000000.log.cleaned -> \tmp\kafka-logs\__consumer_offsets-36\00000000000000000000.log.swap: Der Prozess kann nicht auf die Datei zugreifen, da sie von einem anderen Prozess verwendet wird.

		at sun.nio.fs.WindowsException.translateToIOException(Unknown Source)
		at sun.nio.fs.WindowsException.rethrowAsIOException(Unknown Source)
		at sun.nio.fs.WindowsFileCopy.move(Unknown Source)
		at sun.nio.fs.WindowsFileSystemProvider.move(Unknown Source)
		at java.nio.file.Files.move(Unknown Source)
		at org.apache.kafka.common.utils.Utils.atomicMoveWithFallback(Utils.java:708)
		... 11 more
[2017-06-28 17:02:19,882] INFO [kafka-log-cleaner-thread-0], Stopped  (kafka.log.LogCleaner)
[2017-06-28 17:40:25,949] INFO Starting the log cleaner (kafka.log.LogCleaner)
[2017-06-28 17:40:25,950] INFO [kafka-log-cleaner-thread-0], Starting  (kafka.log.LogCleaner)
[2017-06-28 17:40:25,963] INFO Cleaner 0: Beginning cleaning of log __consumer_offsets-36. (kafka.log.LogCleaner)
[2017-06-28 17:40:25,964] INFO Cleaner 0: Building offset map for __consumer_offsets-36... (kafka.log.LogCleaner)
[2017-06-28 17:40:25,986] INFO Cleaner 0: Building offset map for log __consumer_offsets-36 for 2 segments in offset range [0, 3098). (kafka.log.LogCleaner)
[2017-06-28 17:40:26,018] INFO Cleaner 0: Offset map for log __consumer_offsets-36 complete. (kafka.log.LogCleaner)
[2017-06-28 17:40:26,021] INFO Cleaner 0: Cleaning log __consumer_offsets-36 (cleaning prior to Thu Jun 22 15:56:30 CEST 2017, discarding tombstones prior to Thu Jan 01 01:00:00 CET 1970)... (kafka.log.LogCleaner)
[2017-06-28 17:40:26,024] INFO Cleaner 0: Cleaning segment 0 in log __consumer_offsets-36 (largest timestamp Thu Jun 15 20:24:02 CEST 2017) into 0, retaining deletes. (kafka.log.LogCleaner)
[2017-06-28 17:40:26,030] INFO Cleaner 0: Cleaning segment 3053 in log __consumer_offsets-36 (largest timestamp Thu Jun 22 15:56:28 CEST 2017) into 0, retaining deletes. (kafka.log.LogCleaner)
[2017-06-28 17:40:26,039] INFO Cleaner 0: Swapping in cleaned segment 0 for segment(s) 0,3053 in log __consumer_offsets-36. (kafka.log.LogCleaner)
[2017-06-28 17:40:26,046] ERROR [kafka-log-cleaner-thread-0], Error due to  (kafka.log.LogCleaner)
kafka.common.KafkaStorageException: Failed to change the log file suffix from .cleaned to .swap for log segment 0
	at kafka.log.LogSegment.kafkaStorageException$1(LogSegment.scala:340)
	at kafka.log.LogSegment.changeFileSuffixes(LogSegment.scala:342)
	at kafka.log.Log.replaceSegments(Log.scala:1018)
	at kafka.log.Cleaner.cleanSegments(LogCleaner.scala:426)
	at kafka.log.Cleaner$$anonfun$clean$4.apply(LogCleaner.scala:363)
	at kafka.log.Cleaner$$anonfun$clean$4.apply(LogCleaner.scala:362)
	at scala.collection.immutable.List.foreach(List.scala:381)
	at kafka.log.Cleaner.clean(LogCleaner.scala:362)
	at kafka.log.LogCleaner$CleanerThread.cleanOrSleep(LogCleaner.scala:241)
	at kafka.log.LogCleaner$CleanerThread.doWork(LogCleaner.scala:220)
	at kafka.utils.ShutdownableThread.run(ShutdownableThread.scala:63)
Caused by: java.nio.file.FileSystemException: \tmp\kafka-logs\__consumer_offsets-36\00000000000000000000.log.cleaned -> \tmp\kafka-logs\__consumer_offsets-36\00000000000000000000.log.swap: Der Prozess kann nicht auf die Datei zugreifen, da sie von einem anderen Prozess verwendet wird.

	at sun.nio.fs.WindowsException.translateToIOException(Unknown Source)
	at sun.nio.fs.WindowsException.rethrowAsIOException(Unknown Source)
	at sun.nio.fs.WindowsFileCopy.move(Unknown Source)
	at sun.nio.fs.WindowsFileSystemProvider.move(Unknown Source)
	at java.nio.file.Files.move(Unknown Source)
	at org.apache.kafka.common.utils.Utils.atomicMoveWithFallback(Utils.java:711)
	at org.apache.kafka.common.record.FileRecords.renameTo(FileRecords.java:210)
	... 10 more
	Suppressed: java.nio.file.FileSystemException: \tmp\kafka-logs\__consumer_offsets-36\00000000000000000000.log.cleaned -> \tmp\kafka-logs\__consumer_offsets-36\00000000000000000000.log.swap: Der Prozess kann nicht auf die Datei zugreifen, da sie von einem anderen Prozess verwendet wird.

		at sun.nio.fs.WindowsException.translateToIOException(Unknown Source)
		at sun.nio.fs.WindowsException.rethrowAsIOException(Unknown Source)
		at sun.nio.fs.WindowsFileCopy.move(Unknown Source)
		at sun.nio.fs.WindowsFileSystemProvider.move(Unknown Source)
		at java.nio.file.Files.move(Unknown Source)
		at org.apache.kafka.common.utils.Utils.atomicMoveWithFallback(Utils.java:708)
		... 11 more
[2017-06-28 17:40:26,049] INFO [kafka-log-cleaner-thread-0], Stopped  (kafka.log.LogCleaner)
[2017-07-28 16:25:13,698] INFO Starting the log cleaner (kafka.log.LogCleaner)
[2017-07-28 16:25:13,699] INFO [kafka-log-cleaner-thread-0], Starting  (kafka.log.LogCleaner)
[2017-07-28 16:25:13,712] INFO Cleaner 0: Beginning cleaning of log __consumer_offsets-36. (kafka.log.LogCleaner)
[2017-07-28 16:25:13,712] INFO Cleaner 0: Building offset map for __consumer_offsets-36... (kafka.log.LogCleaner)
[2017-07-28 16:25:13,734] INFO Cleaner 0: Building offset map for log __consumer_offsets-36 for 2 segments in offset range [0, 3098). (kafka.log.LogCleaner)
[2017-07-28 16:25:13,761] INFO Cleaner 0: Offset map for log __consumer_offsets-36 complete. (kafka.log.LogCleaner)
[2017-07-28 16:25:13,765] INFO Cleaner 0: Cleaning log __consumer_offsets-36 (cleaning prior to Thu Jun 22 15:56:30 CEST 2017, discarding tombstones prior to Thu Jan 01 01:00:00 CET 1970)... (kafka.log.LogCleaner)
[2017-07-28 16:25:13,769] INFO Cleaner 0: Cleaning segment 0 in log __consumer_offsets-36 (largest timestamp Thu Jun 15 20:24:02 CEST 2017) into 0, retaining deletes. (kafka.log.LogCleaner)
[2017-07-28 16:25:13,777] INFO Cleaner 0: Cleaning segment 3053 in log __consumer_offsets-36 (largest timestamp Thu Jun 22 15:56:28 CEST 2017) into 0, retaining deletes. (kafka.log.LogCleaner)
[2017-07-28 16:25:13,793] INFO Cleaner 0: Swapping in cleaned segment 0 for segment(s) 0,3053 in log __consumer_offsets-36. (kafka.log.LogCleaner)
[2017-07-28 16:25:13,799] ERROR [kafka-log-cleaner-thread-0], Error due to  (kafka.log.LogCleaner)
kafka.common.KafkaStorageException: Failed to change the log file suffix from .cleaned to .swap for log segment 0
	at kafka.log.LogSegment.kafkaStorageException$1(LogSegment.scala:340)
	at kafka.log.LogSegment.changeFileSuffixes(LogSegment.scala:342)
	at kafka.log.Log.replaceSegments(Log.scala:1018)
	at kafka.log.Cleaner.cleanSegments(LogCleaner.scala:426)
	at kafka.log.Cleaner$$anonfun$clean$4.apply(LogCleaner.scala:363)
	at kafka.log.Cleaner$$anonfun$clean$4.apply(LogCleaner.scala:362)
	at scala.collection.immutable.List.foreach(List.scala:381)
	at kafka.log.Cleaner.clean(LogCleaner.scala:362)
	at kafka.log.LogCleaner$CleanerThread.cleanOrSleep(LogCleaner.scala:241)
	at kafka.log.LogCleaner$CleanerThread.doWork(LogCleaner.scala:220)
	at kafka.utils.ShutdownableThread.run(ShutdownableThread.scala:63)
Caused by: java.nio.file.FileSystemException: \tmp\kafka-logs\__consumer_offsets-36\00000000000000000000.log.cleaned -> \tmp\kafka-logs\__consumer_offsets-36\00000000000000000000.log.swap: Der Prozess kann nicht auf die Datei zugreifen, da sie von einem anderen Prozess verwendet wird.

	at sun.nio.fs.WindowsException.translateToIOException(Unknown Source)
	at sun.nio.fs.WindowsException.rethrowAsIOException(Unknown Source)
	at sun.nio.fs.WindowsFileCopy.move(Unknown Source)
	at sun.nio.fs.WindowsFileSystemProvider.move(Unknown Source)
	at java.nio.file.Files.move(Unknown Source)
	at org.apache.kafka.common.utils.Utils.atomicMoveWithFallback(Utils.java:711)
	at org.apache.kafka.common.record.FileRecords.renameTo(FileRecords.java:210)
	... 10 more
	Suppressed: java.nio.file.FileSystemException: \tmp\kafka-logs\__consumer_offsets-36\00000000000000000000.log.cleaned -> \tmp\kafka-logs\__consumer_offsets-36\00000000000000000000.log.swap: Der Prozess kann nicht auf die Datei zugreifen, da sie von einem anderen Prozess verwendet wird.

		at sun.nio.fs.WindowsException.translateToIOException(Unknown Source)
		at sun.nio.fs.WindowsException.rethrowAsIOException(Unknown Source)
		at sun.nio.fs.WindowsFileCopy.move(Unknown Source)
		at sun.nio.fs.WindowsFileSystemProvider.move(Unknown Source)
		at java.nio.file.Files.move(Unknown Source)
		at org.apache.kafka.common.utils.Utils.atomicMoveWithFallback(Utils.java:708)
		... 11 more
[2017-07-28 16:25:13,801] INFO [kafka-log-cleaner-thread-0], Stopped  (kafka.log.LogCleaner)
[2017-07-29 16:23:50,830] INFO Starting the log cleaner (kafka.log.LogCleaner)
[2017-07-29 16:23:50,833] INFO [kafka-log-cleaner-thread-0], Starting  (kafka.log.LogCleaner)
[2017-07-29 16:23:50,852] INFO Cleaner 0: Beginning cleaning of log __consumer_offsets-36. (kafka.log.LogCleaner)
[2017-07-29 16:23:50,852] INFO Cleaner 0: Building offset map for __consumer_offsets-36... (kafka.log.LogCleaner)
[2017-07-29 16:23:50,874] INFO Cleaner 0: Building offset map for log __consumer_offsets-36 for 3 segments in offset range [0, 3123). (kafka.log.LogCleaner)
[2017-07-29 16:23:50,905] INFO Cleaner 0: Offset map for log __consumer_offsets-36 complete. (kafka.log.LogCleaner)
[2017-07-29 16:23:50,910] INFO Cleaner 0: Cleaning log __consumer_offsets-36 (cleaning prior to Wed Jun 28 17:42:34 CEST 2017, discarding tombstones prior to Thu Jan 01 01:00:00 CET 1970)... (kafka.log.LogCleaner)
[2017-07-29 16:23:50,913] INFO Cleaner 0: Cleaning segment 0 in log __consumer_offsets-36 (largest timestamp Thu Jun 15 20:24:02 CEST 2017) into 0, retaining deletes. (kafka.log.LogCleaner)
[2017-07-29 16:23:50,921] INFO Cleaner 0: Cleaning segment 3053 in log __consumer_offsets-36 (largest timestamp Thu Jun 22 15:56:28 CEST 2017) into 0, retaining deletes. (kafka.log.LogCleaner)
[2017-07-29 16:23:50,921] INFO Cleaner 0: Cleaning segment 3098 in log __consumer_offsets-36 (largest timestamp Wed Jun 28 17:42:33 CEST 2017) into 0, retaining deletes. (kafka.log.LogCleaner)
[2017-07-29 16:23:50,933] INFO Cleaner 0: Swapping in cleaned segment 0 for segment(s) 0,3053,3098 in log __consumer_offsets-36. (kafka.log.LogCleaner)
[2017-07-29 16:23:50,942] ERROR [kafka-log-cleaner-thread-0], Error due to  (kafka.log.LogCleaner)
kafka.common.KafkaStorageException: Failed to change the log file suffix from .cleaned to .swap for log segment 0
	at kafka.log.LogSegment.kafkaStorageException$1(LogSegment.scala:340)
	at kafka.log.LogSegment.changeFileSuffixes(LogSegment.scala:342)
	at kafka.log.Log.replaceSegments(Log.scala:1018)
	at kafka.log.Cleaner.cleanSegments(LogCleaner.scala:426)
	at kafka.log.Cleaner$$anonfun$clean$4.apply(LogCleaner.scala:363)
	at kafka.log.Cleaner$$anonfun$clean$4.apply(LogCleaner.scala:362)
	at scala.collection.immutable.List.foreach(List.scala:381)
	at kafka.log.Cleaner.clean(LogCleaner.scala:362)
	at kafka.log.LogCleaner$CleanerThread.cleanOrSleep(LogCleaner.scala:241)
	at kafka.log.LogCleaner$CleanerThread.doWork(LogCleaner.scala:220)
	at kafka.utils.ShutdownableThread.run(ShutdownableThread.scala:63)
Caused by: java.nio.file.FileSystemException: \tmp\kafka-logs\__consumer_offsets-36\00000000000000000000.log.cleaned -> \tmp\kafka-logs\__consumer_offsets-36\00000000000000000000.log.swap: Der Prozess kann nicht auf die Datei zugreifen, da sie von einem anderen Prozess verwendet wird.

	at sun.nio.fs.WindowsException.translateToIOException(Unknown Source)
	at sun.nio.fs.WindowsException.rethrowAsIOException(Unknown Source)
	at sun.nio.fs.WindowsFileCopy.move(Unknown Source)
	at sun.nio.fs.WindowsFileSystemProvider.move(Unknown Source)
	at java.nio.file.Files.move(Unknown Source)
	at org.apache.kafka.common.utils.Utils.atomicMoveWithFallback(Utils.java:711)
	at org.apache.kafka.common.record.FileRecords.renameTo(FileRecords.java:210)
	... 10 more
	Suppressed: java.nio.file.FileSystemException: \tmp\kafka-logs\__consumer_offsets-36\00000000000000000000.log.cleaned -> \tmp\kafka-logs\__consumer_offsets-36\00000000000000000000.log.swap: Der Prozess kann nicht auf die Datei zugreifen, da sie von einem anderen Prozess verwendet wird.

		at sun.nio.fs.WindowsException.translateToIOException(Unknown Source)
		at sun.nio.fs.WindowsException.rethrowAsIOException(Unknown Source)
		at sun.nio.fs.WindowsFileCopy.move(Unknown Source)
		at sun.nio.fs.WindowsFileSystemProvider.move(Unknown Source)
		at java.nio.file.Files.move(Unknown Source)
		at org.apache.kafka.common.utils.Utils.atomicMoveWithFallback(Utils.java:708)
		... 11 more
[2017-07-29 16:23:50,948] INFO [kafka-log-cleaner-thread-0], Stopped  (kafka.log.LogCleaner)
[2017-07-29 18:07:45,783] INFO Starting the log cleaner (kafka.log.LogCleaner)
[2017-07-29 18:07:45,785] INFO [kafka-log-cleaner-thread-0], Starting  (kafka.log.LogCleaner)
[2017-07-29 18:07:45,799] INFO Cleaner 0: Beginning cleaning of log __consumer_offsets-36. (kafka.log.LogCleaner)
[2017-07-29 18:07:45,800] INFO Cleaner 0: Building offset map for __consumer_offsets-36... (kafka.log.LogCleaner)
[2017-07-29 18:07:45,822] INFO Cleaner 0: Building offset map for log __consumer_offsets-36 for 3 segments in offset range [0, 3123). (kafka.log.LogCleaner)
[2017-07-29 18:07:45,846] INFO Cleaner 0: Offset map for log __consumer_offsets-36 complete. (kafka.log.LogCleaner)
[2017-07-29 18:07:45,852] INFO Cleaner 0: Cleaning log __consumer_offsets-36 (cleaning prior to Wed Jun 28 17:42:34 CEST 2017, discarding tombstones prior to Thu Jan 01 01:00:00 CET 1970)... (kafka.log.LogCleaner)
[2017-07-29 18:07:45,856] INFO Cleaner 0: Cleaning segment 0 in log __consumer_offsets-36 (largest timestamp Thu Jun 15 20:24:02 CEST 2017) into 0, retaining deletes. (kafka.log.LogCleaner)
[2017-07-29 18:07:45,864] INFO Cleaner 0: Cleaning segment 3053 in log __consumer_offsets-36 (largest timestamp Thu Jun 22 15:56:28 CEST 2017) into 0, retaining deletes. (kafka.log.LogCleaner)
[2017-07-29 18:07:45,864] INFO Cleaner 0: Cleaning segment 3098 in log __consumer_offsets-36 (largest timestamp Wed Jun 28 17:42:33 CEST 2017) into 0, retaining deletes. (kafka.log.LogCleaner)
[2017-07-29 18:07:45,877] INFO Cleaner 0: Swapping in cleaned segment 0 for segment(s) 0,3053,3098 in log __consumer_offsets-36. (kafka.log.LogCleaner)
[2017-07-29 18:07:45,884] ERROR [kafka-log-cleaner-thread-0], Error due to  (kafka.log.LogCleaner)
kafka.common.KafkaStorageException: Failed to change the log file suffix from .cleaned to .swap for log segment 0
	at kafka.log.LogSegment.kafkaStorageException$1(LogSegment.scala:340)
	at kafka.log.LogSegment.changeFileSuffixes(LogSegment.scala:342)
	at kafka.log.Log.replaceSegments(Log.scala:1018)
	at kafka.log.Cleaner.cleanSegments(LogCleaner.scala:426)
	at kafka.log.Cleaner$$anonfun$clean$4.apply(LogCleaner.scala:363)
	at kafka.log.Cleaner$$anonfun$clean$4.apply(LogCleaner.scala:362)
	at scala.collection.immutable.List.foreach(List.scala:381)
	at kafka.log.Cleaner.clean(LogCleaner.scala:362)
	at kafka.log.LogCleaner$CleanerThread.cleanOrSleep(LogCleaner.scala:241)
	at kafka.log.LogCleaner$CleanerThread.doWork(LogCleaner.scala:220)
	at kafka.utils.ShutdownableThread.run(ShutdownableThread.scala:63)
Caused by: java.nio.file.FileSystemException: \tmp\kafka-logs\__consumer_offsets-36\00000000000000000000.log.cleaned -> \tmp\kafka-logs\__consumer_offsets-36\00000000000000000000.log.swap: Der Prozess kann nicht auf die Datei zugreifen, da sie von einem anderen Prozess verwendet wird.

	at sun.nio.fs.WindowsException.translateToIOException(Unknown Source)
	at sun.nio.fs.WindowsException.rethrowAsIOException(Unknown Source)
	at sun.nio.fs.WindowsFileCopy.move(Unknown Source)
	at sun.nio.fs.WindowsFileSystemProvider.move(Unknown Source)
	at java.nio.file.Files.move(Unknown Source)
	at org.apache.kafka.common.utils.Utils.atomicMoveWithFallback(Utils.java:711)
	at org.apache.kafka.common.record.FileRecords.renameTo(FileRecords.java:210)
	... 10 more
	Suppressed: java.nio.file.FileSystemException: \tmp\kafka-logs\__consumer_offsets-36\00000000000000000000.log.cleaned -> \tmp\kafka-logs\__consumer_offsets-36\00000000000000000000.log.swap: Der Prozess kann nicht auf die Datei zugreifen, da sie von einem anderen Prozess verwendet wird.

		at sun.nio.fs.WindowsException.translateToIOException(Unknown Source)
		at sun.nio.fs.WindowsException.rethrowAsIOException(Unknown Source)
		at sun.nio.fs.WindowsFileCopy.move(Unknown Source)
		at sun.nio.fs.WindowsFileSystemProvider.move(Unknown Source)
		at java.nio.file.Files.move(Unknown Source)
		at org.apache.kafka.common.utils.Utils.atomicMoveWithFallback(Utils.java:708)
		... 11 more
[2017-07-29 18:07:45,889] INFO [kafka-log-cleaner-thread-0], Stopped  (kafka.log.LogCleaner)
