[2017-06-15 01:00:36,148] INFO KafkaConfig values: 
	advertised.host.name = null
	advertised.listeners = null
	advertised.port = null
	authorizer.class.name = 
	auto.create.topics.enable = true
	auto.leader.rebalance.enable = true
	background.threads = 10
	broker.id = 0
	broker.id.generation.enable = true
	broker.rack = null
	compression.type = producer
	connections.max.idle.ms = 600000
	controlled.shutdown.enable = true
	controlled.shutdown.max.retries = 3
	controlled.shutdown.retry.backoff.ms = 5000
	controller.socket.timeout.ms = 30000
	create.topic.policy.class.name = null
	default.replication.factor = 1
	delete.topic.enable = false
	fetch.purgatory.purge.interval.requests = 1000
	group.max.session.timeout.ms = 300000
	group.min.session.timeout.ms = 6000
	host.name = 
	inter.broker.listener.name = null
	inter.broker.protocol.version = 0.10.2-IV0
	leader.imbalance.check.interval.seconds = 300
	leader.imbalance.per.broker.percentage = 10
	listener.security.protocol.map = SSL:SSL,SASL_PLAINTEXT:SASL_PLAINTEXT,TRACE:TRACE,SASL_SSL:SASL_SSL,PLAINTEXT:PLAINTEXT
	listeners = null
	log.cleaner.backoff.ms = 15000
	log.cleaner.dedupe.buffer.size = 134217728
	log.cleaner.delete.retention.ms = 86400000
	log.cleaner.enable = true
	log.cleaner.io.buffer.load.factor = 0.9
	log.cleaner.io.buffer.size = 524288
	log.cleaner.io.max.bytes.per.second = 1.7976931348623157E308
	log.cleaner.min.cleanable.ratio = 0.5
	log.cleaner.min.compaction.lag.ms = 0
	log.cleaner.threads = 1
	log.cleanup.policy = [delete]
	log.dir = /tmp/kafka-logs
	log.dirs = /tmp/kafka-logs
	log.flush.interval.messages = 9223372036854775807
	log.flush.interval.ms = null
	log.flush.offset.checkpoint.interval.ms = 60000
	log.flush.scheduler.interval.ms = 9223372036854775807
	log.index.interval.bytes = 4096
	log.index.size.max.bytes = 10485760
	log.message.format.version = 0.10.2-IV0
	log.message.timestamp.difference.max.ms = 9223372036854775807
	log.message.timestamp.type = CreateTime
	log.preallocate = false
	log.retention.bytes = -1
	log.retention.check.interval.ms = 300000
	log.retention.hours = 168
	log.retention.minutes = null
	log.retention.ms = null
	log.roll.hours = 168
	log.roll.jitter.hours = 0
	log.roll.jitter.ms = null
	log.roll.ms = null
	log.segment.bytes = 1073741824
	log.segment.delete.delay.ms = 60000
	max.connections.per.ip = 2147483647
	max.connections.per.ip.overrides = 
	message.max.bytes = 1000012
	metric.reporters = []
	metrics.num.samples = 2
	metrics.recording.level = INFO
	metrics.sample.window.ms = 30000
	min.insync.replicas = 1
	num.io.threads = 8
	num.network.threads = 3
	num.partitions = 1
	num.recovery.threads.per.data.dir = 1
	num.replica.fetchers = 1
	offset.metadata.max.bytes = 4096
	offsets.commit.required.acks = -1
	offsets.commit.timeout.ms = 5000
	offsets.load.buffer.size = 5242880
	offsets.retention.check.interval.ms = 600000
	offsets.retention.minutes = 1440
	offsets.topic.compression.codec = 0
	offsets.topic.num.partitions = 50
	offsets.topic.replication.factor = 3
	offsets.topic.segment.bytes = 104857600
	port = 9092
	principal.builder.class = class org.apache.kafka.common.security.auth.DefaultPrincipalBuilder
	producer.purgatory.purge.interval.requests = 1000
	queued.max.requests = 500
	quota.consumer.default = 9223372036854775807
	quota.producer.default = 9223372036854775807
	quota.window.num = 11
	quota.window.size.seconds = 1
	replica.fetch.backoff.ms = 1000
	replica.fetch.max.bytes = 1048576
	replica.fetch.min.bytes = 1
	replica.fetch.response.max.bytes = 10485760
	replica.fetch.wait.max.ms = 500
	replica.high.watermark.checkpoint.interval.ms = 5000
	replica.lag.time.max.ms = 10000
	replica.socket.receive.buffer.bytes = 65536
	replica.socket.timeout.ms = 30000
	replication.quota.window.num = 11
	replication.quota.window.size.seconds = 1
	request.timeout.ms = 30000
	reserved.broker.max.id = 1000
	sasl.enabled.mechanisms = [GSSAPI]
	sasl.kerberos.kinit.cmd = /usr/bin/kinit
	sasl.kerberos.min.time.before.relogin = 60000
	sasl.kerberos.principal.to.local.rules = [DEFAULT]
	sasl.kerberos.service.name = null
	sasl.kerberos.ticket.renew.jitter = 0.05
	sasl.kerberos.ticket.renew.window.factor = 0.8
	sasl.mechanism.inter.broker.protocol = GSSAPI
	security.inter.broker.protocol = PLAINTEXT
	socket.receive.buffer.bytes = 102400
	socket.request.max.bytes = 104857600
	socket.send.buffer.bytes = 102400
	ssl.cipher.suites = null
	ssl.client.auth = none
	ssl.enabled.protocols = [TLSv1.2, TLSv1.1, TLSv1]
	ssl.endpoint.identification.algorithm = null
	ssl.key.password = null
	ssl.keymanager.algorithm = SunX509
	ssl.keystore.location = null
	ssl.keystore.password = null
	ssl.keystore.type = JKS
	ssl.protocol = TLS
	ssl.provider = null
	ssl.secure.random.implementation = null
	ssl.trustmanager.algorithm = PKIX
	ssl.truststore.location = null
	ssl.truststore.password = null
	ssl.truststore.type = JKS
	unclean.leader.election.enable = true
	zookeeper.connect = localhost:2181
	zookeeper.connection.timeout.ms = 6000
	zookeeper.session.timeout.ms = 6000
	zookeeper.set.acl = false
	zookeeper.sync.time.ms = 2000
 (kafka.server.KafkaConfig)
[2017-06-15 01:00:36,201] INFO starting (kafka.server.KafkaServer)
[2017-06-15 01:00:36,204] INFO Connecting to zookeeper on localhost:2181 (kafka.server.KafkaServer)
[2017-06-15 01:00:36,448] INFO Cluster ID = CRrEMe3MTmu7kURX3RIo7A (kafka.server.KafkaServer)
[2017-06-15 01:00:36,454] WARN No meta.properties file under dir C:\tmp\kafka-logs\meta.properties (kafka.server.BrokerMetadataCheckpoint)
[2017-06-15 01:00:36,474] INFO [ThrottledRequestReaper-Fetch], Starting  (kafka.server.ClientQuotaManager$ThrottledRequestReaper)
[2017-06-15 01:00:36,475] INFO [ThrottledRequestReaper-Produce], Starting  (kafka.server.ClientQuotaManager$ThrottledRequestReaper)
[2017-06-15 01:00:36,502] INFO Log directory 'C:\tmp\kafka-logs' not found, creating it. (kafka.log.LogManager)
[2017-06-15 01:00:36,507] INFO Loading logs. (kafka.log.LogManager)
[2017-06-15 01:00:36,513] INFO Logs loading complete in 5 ms. (kafka.log.LogManager)
[2017-06-15 01:00:36,556] INFO Starting log cleanup with a period of 300000 ms. (kafka.log.LogManager)
[2017-06-15 01:00:36,558] INFO Starting log flusher with a default period of 9223372036854775807 ms. (kafka.log.LogManager)
[2017-06-15 01:00:36,596] INFO Awaiting socket connections on 0.0.0.0:9092. (kafka.network.Acceptor)
[2017-06-15 01:00:36,597] INFO [Socket Server on Broker 0], Started 1 acceptor threads (kafka.network.SocketServer)
[2017-06-15 01:00:36,623] INFO [ExpirationReaper-0], Starting  (kafka.server.DelayedOperationPurgatory$ExpiredOperationReaper)
[2017-06-15 01:00:36,624] INFO [ExpirationReaper-0], Starting  (kafka.server.DelayedOperationPurgatory$ExpiredOperationReaper)
[2017-06-15 01:00:36,651] INFO Creating /controller (is it secure? false) (kafka.utils.ZKCheckedEphemeral)
[2017-06-15 01:00:36,659] INFO Result of znode creation is: OK (kafka.utils.ZKCheckedEphemeral)
[2017-06-15 01:00:36,659] INFO 0 successfully elected as leader (kafka.server.ZookeeperLeaderElector)
[2017-06-15 01:00:36,724] INFO [ExpirationReaper-0], Starting  (kafka.server.DelayedOperationPurgatory$ExpiredOperationReaper)
[2017-06-15 01:00:36,726] INFO [ExpirationReaper-0], Starting  (kafka.server.DelayedOperationPurgatory$ExpiredOperationReaper)
[2017-06-15 01:00:36,727] INFO [ExpirationReaper-0], Starting  (kafka.server.DelayedOperationPurgatory$ExpiredOperationReaper)
[2017-06-15 01:00:36,736] INFO [GroupCoordinator 0]: Starting up. (kafka.coordinator.GroupCoordinator)
[2017-06-15 01:00:36,738] INFO [GroupCoordinator 0]: Startup complete. (kafka.coordinator.GroupCoordinator)
[2017-06-15 01:00:36,738] INFO [Group Metadata Manager on Broker 0]: Removed 0 expired offsets in 1 milliseconds. (kafka.coordinator.GroupMetadataManager)
[2017-06-15 01:00:36,757] INFO Will not load MX4J, mx4j-tools.jar is not in the classpath (kafka.utils.Mx4jLoader$)
[2017-06-15 01:00:36,778] INFO Creating /brokers/ids/0 (is it secure? false) (kafka.utils.ZKCheckedEphemeral)
[2017-06-15 01:00:36,789] INFO Result of znode creation is: OK (kafka.utils.ZKCheckedEphemeral)
[2017-06-15 01:00:36,790] INFO Registered broker 0 at path /brokers/ids/0 with addresses: EndPoint(Sorn-PC.Speedport_W_724V_Typ_A_05011603_05_020,9092,ListenerName(PLAINTEXT),PLAINTEXT) (kafka.utils.ZkUtils)
[2017-06-15 01:00:36,791] WARN No meta.properties file under dir C:\tmp\kafka-logs\meta.properties (kafka.server.BrokerMetadataCheckpoint)
[2017-06-15 01:00:36,791] INFO New leader is 0 (kafka.server.ZookeeperLeaderElector$LeaderChangeListener)
[2017-06-15 01:00:36,811] INFO [Kafka Server 0], started (kafka.server.KafkaServer)
[2017-06-15 01:02:08,376] INFO Topic creation {"version":1,"partitions":{"0":[0]}} (kafka.admin.AdminUtils$)
[2017-06-15 01:02:08,391] INFO Topic creation {"version":1,"partitions":{"0":[0]}} (kafka.admin.AdminUtils$)
[2017-06-15 01:02:08,394] INFO Topic creation {"version":1,"partitions":{"0":[0]}} (kafka.admin.AdminUtils$)
[2017-06-15 01:02:08,398] INFO Topic creation {"version":1,"partitions":{"0":[0]}} (kafka.admin.AdminUtils$)
[2017-06-15 01:02:08,404] INFO [KafkaApi-0] Auto creation of topic speckvonschmeck with 1 partitions and replication factor 1 is successful (kafka.server.KafkaApis)
[2017-06-15 01:02:08,488] INFO [ReplicaFetcherManager on broker 0] Removed fetcher for partitions speckvonschmeck-0 (kafka.server.ReplicaFetcherManager)
[2017-06-15 01:02:08,526] INFO Completed load of log speckvonschmeck-0 with 1 log segments and log end offset 0 in 27 ms (kafka.log.Log)
[2017-06-15 01:02:08,529] INFO Created log for partition [speckvonschmeck,0] in C:\tmp\kafka-logs with properties {flush.messages -> 9223372036854775807, message.timestamp.type -> CreateTime, segment.bytes -> 1073741824, preallocate -> false, cleanup.policy -> [delete], delete.retention.ms -> 86400000, segment.ms -> 604800000, min.insync.replicas -> 1, file.delete.delay.ms -> 60000, retention.ms -> 604800000, max.message.bytes -> 1000012, message.format.version -> 0.10.2-IV0, index.interval.bytes -> 4096, segment.index.bytes -> 10485760, retention.bytes -> -1, segment.jitter.ms -> 0, min.cleanable.dirty.ratio -> 0.5, compression.type -> producer, unclean.leader.election.enable -> true, message.timestamp.difference.max.ms -> 9223372036854775807, min.compaction.lag.ms -> 0, flush.ms -> 9223372036854775807}. (kafka.log.LogManager)
[2017-06-15 01:02:08,531] INFO Partition [speckvonschmeck,0] on broker 0: No checkpointed highwatermark is found for partition speckvonschmeck-0 (kafka.cluster.Partition)
[2017-06-15 01:10:36,739] INFO [Group Metadata Manager on Broker 0]: Removed 0 expired offsets in 0 milliseconds. (kafka.coordinator.GroupMetadataManager)
[2017-06-15 01:20:36,738] INFO [Group Metadata Manager on Broker 0]: Removed 0 expired offsets in 0 milliseconds. (kafka.coordinator.GroupMetadataManager)
[2017-06-15 01:30:36,738] INFO [Group Metadata Manager on Broker 0]: Removed 0 expired offsets in 0 milliseconds. (kafka.coordinator.GroupMetadataManager)
[2017-06-15 01:40:36,738] INFO [Group Metadata Manager on Broker 0]: Removed 0 expired offsets in 0 milliseconds. (kafka.coordinator.GroupMetadataManager)
[2017-06-15 01:50:36,738] INFO [Group Metadata Manager on Broker 0]: Removed 0 expired offsets in 0 milliseconds. (kafka.coordinator.GroupMetadataManager)
[2017-06-15 02:00:36,738] INFO [Group Metadata Manager on Broker 0]: Removed 0 expired offsets in 0 milliseconds. (kafka.coordinator.GroupMetadataManager)
[2017-06-15 16:44:28,489] INFO KafkaConfig values: 
	advertised.host.name = null
	advertised.listeners = null
	advertised.port = null
	authorizer.class.name = 
	auto.create.topics.enable = true
	auto.leader.rebalance.enable = true
	background.threads = 10
	broker.id = 0
	broker.id.generation.enable = true
	broker.rack = null
	compression.type = producer
	connections.max.idle.ms = 600000
	controlled.shutdown.enable = true
	controlled.shutdown.max.retries = 3
	controlled.shutdown.retry.backoff.ms = 5000
	controller.socket.timeout.ms = 30000
	create.topic.policy.class.name = null
	default.replication.factor = 1
	delete.topic.enable = false
	fetch.purgatory.purge.interval.requests = 1000
	group.max.session.timeout.ms = 300000
	group.min.session.timeout.ms = 6000
	host.name = 
	inter.broker.listener.name = null
	inter.broker.protocol.version = 0.10.2-IV0
	leader.imbalance.check.interval.seconds = 300
	leader.imbalance.per.broker.percentage = 10
	listener.security.protocol.map = SSL:SSL,SASL_PLAINTEXT:SASL_PLAINTEXT,TRACE:TRACE,SASL_SSL:SASL_SSL,PLAINTEXT:PLAINTEXT
	listeners = null
	log.cleaner.backoff.ms = 15000
	log.cleaner.dedupe.buffer.size = 134217728
	log.cleaner.delete.retention.ms = 86400000
	log.cleaner.enable = true
	log.cleaner.io.buffer.load.factor = 0.9
	log.cleaner.io.buffer.size = 524288
	log.cleaner.io.max.bytes.per.second = 1.7976931348623157E308
	log.cleaner.min.cleanable.ratio = 0.5
	log.cleaner.min.compaction.lag.ms = 0
	log.cleaner.threads = 1
	log.cleanup.policy = [delete]
	log.dir = /tmp/kafka-logs
	log.dirs = /tmp/kafka-logs
	log.flush.interval.messages = 9223372036854775807
	log.flush.interval.ms = null
	log.flush.offset.checkpoint.interval.ms = 60000
	log.flush.scheduler.interval.ms = 9223372036854775807
	log.index.interval.bytes = 4096
	log.index.size.max.bytes = 10485760
	log.message.format.version = 0.10.2-IV0
	log.message.timestamp.difference.max.ms = 9223372036854775807
	log.message.timestamp.type = CreateTime
	log.preallocate = false
	log.retention.bytes = -1
	log.retention.check.interval.ms = 300000
	log.retention.hours = 168
	log.retention.minutes = null
	log.retention.ms = null
	log.roll.hours = 168
	log.roll.jitter.hours = 0
	log.roll.jitter.ms = null
	log.roll.ms = null
	log.segment.bytes = 1073741824
	log.segment.delete.delay.ms = 60000
	max.connections.per.ip = 2147483647
	max.connections.per.ip.overrides = 
	message.max.bytes = 1000012
	metric.reporters = []
	metrics.num.samples = 2
	metrics.recording.level = INFO
	metrics.sample.window.ms = 30000
	min.insync.replicas = 1
	num.io.threads = 8
	num.network.threads = 3
	num.partitions = 1
	num.recovery.threads.per.data.dir = 1
	num.replica.fetchers = 1
	offset.metadata.max.bytes = 4096
	offsets.commit.required.acks = -1
	offsets.commit.timeout.ms = 5000
	offsets.load.buffer.size = 5242880
	offsets.retention.check.interval.ms = 600000
	offsets.retention.minutes = 1440
	offsets.topic.compression.codec = 0
	offsets.topic.num.partitions = 50
	offsets.topic.replication.factor = 3
	offsets.topic.segment.bytes = 104857600
	port = 9092
	principal.builder.class = class org.apache.kafka.common.security.auth.DefaultPrincipalBuilder
	producer.purgatory.purge.interval.requests = 1000
	queued.max.requests = 500
	quota.consumer.default = 9223372036854775807
	quota.producer.default = 9223372036854775807
	quota.window.num = 11
	quota.window.size.seconds = 1
	replica.fetch.backoff.ms = 1000
	replica.fetch.max.bytes = 1048576
	replica.fetch.min.bytes = 1
	replica.fetch.response.max.bytes = 10485760
	replica.fetch.wait.max.ms = 500
	replica.high.watermark.checkpoint.interval.ms = 5000
	replica.lag.time.max.ms = 10000
	replica.socket.receive.buffer.bytes = 65536
	replica.socket.timeout.ms = 30000
	replication.quota.window.num = 11
	replication.quota.window.size.seconds = 1
	request.timeout.ms = 30000
	reserved.broker.max.id = 1000
	sasl.enabled.mechanisms = [GSSAPI]
	sasl.kerberos.kinit.cmd = /usr/bin/kinit
	sasl.kerberos.min.time.before.relogin = 60000
	sasl.kerberos.principal.to.local.rules = [DEFAULT]
	sasl.kerberos.service.name = null
	sasl.kerberos.ticket.renew.jitter = 0.05
	sasl.kerberos.ticket.renew.window.factor = 0.8
	sasl.mechanism.inter.broker.protocol = GSSAPI
	security.inter.broker.protocol = PLAINTEXT
	socket.receive.buffer.bytes = 102400
	socket.request.max.bytes = 104857600
	socket.send.buffer.bytes = 102400
	ssl.cipher.suites = null
	ssl.client.auth = none
	ssl.enabled.protocols = [TLSv1.2, TLSv1.1, TLSv1]
	ssl.endpoint.identification.algorithm = null
	ssl.key.password = null
	ssl.keymanager.algorithm = SunX509
	ssl.keystore.location = null
	ssl.keystore.password = null
	ssl.keystore.type = JKS
	ssl.protocol = TLS
	ssl.provider = null
	ssl.secure.random.implementation = null
	ssl.trustmanager.algorithm = PKIX
	ssl.truststore.location = null
	ssl.truststore.password = null
	ssl.truststore.type = JKS
	unclean.leader.election.enable = true
	zookeeper.connect = localhost:2181
	zookeeper.connection.timeout.ms = 6000
	zookeeper.session.timeout.ms = 6000
	zookeeper.set.acl = false
	zookeeper.sync.time.ms = 2000
 (kafka.server.KafkaConfig)
[2017-06-15 16:44:30,477] INFO starting (kafka.server.KafkaServer)
[2017-06-15 16:44:30,734] INFO Connecting to zookeeper on localhost:2181 (kafka.server.KafkaServer)
[2017-06-15 16:44:34,366] INFO Cluster ID = T3N5tI90QbeJttaJGBkUBA (kafka.server.KafkaServer)
[2017-06-15 16:44:34,996] INFO [ThrottledRequestReaper-Fetch], Starting  (kafka.server.ClientQuotaManager$ThrottledRequestReaper)
[2017-06-15 16:44:34,997] INFO [ThrottledRequestReaper-Produce], Starting  (kafka.server.ClientQuotaManager$ThrottledRequestReaper)
[2017-06-15 16:44:35,929] INFO Loading logs. (kafka.log.LogManager)
[2017-06-15 16:44:38,659] WARN Found a corrupted index file due to requirement failed: Corrupt index found, index file (C:\tmp\kafka-logs\speckvonschmeck-0\00000000000000000000.index) has non-zero size but the last offset is 0 which is no larger than the base offset 0.}. deleting C:\tmp\kafka-logs\speckvonschmeck-0\00000000000000000000.timeindex, C:\tmp\kafka-logs\speckvonschmeck-0\00000000000000000000.index and rebuilding index... (kafka.log.Log)
[2017-06-15 16:44:52,839] INFO Recovering unflushed segment 0 in log speckvonschmeck-0. (kafka.log.Log)
[2017-06-15 16:44:54,329] INFO Completed load of log speckvonschmeck-0 with 1 log segments and log end offset 7046 in 15989 ms (kafka.log.Log)
[2017-06-15 16:44:54,907] WARN Found a corrupted index file due to requirement failed: Corrupt index found, index file (C:\tmp\kafka-logs\__consumer_offsets-0\00000000000000000000.index) has non-zero size but the last offset is 0 which is no larger than the base offset 0.}. deleting C:\tmp\kafka-logs\__consumer_offsets-0\00000000000000000000.timeindex, C:\tmp\kafka-logs\__consumer_offsets-0\00000000000000000000.index and rebuilding index... (kafka.log.Log)
[2017-06-15 16:44:54,917] INFO Recovering unflushed segment 0 in log __consumer_offsets-0. (kafka.log.Log)
[2017-06-15 16:44:55,002] INFO Completed load of log __consumer_offsets-0 with 1 log segments and log end offset 0 in 332 ms (kafka.log.Log)
[2017-06-15 16:44:55,075] WARN Found a corrupted index file due to requirement failed: Corrupt index found, index file (C:\tmp\kafka-logs\__consumer_offsets-1\00000000000000000000.index) has non-zero size but the last offset is 0 which is no larger than the base offset 0.}. deleting C:\tmp\kafka-logs\__consumer_offsets-1\00000000000000000000.timeindex, C:\tmp\kafka-logs\__consumer_offsets-1\00000000000000000000.index and rebuilding index... (kafka.log.Log)
[2017-06-15 16:44:55,075] INFO Recovering unflushed segment 0 in log __consumer_offsets-1. (kafka.log.Log)
[2017-06-15 16:44:55,354] INFO Completed load of log __consumer_offsets-1 with 1 log segments and log end offset 0 in 341 ms (kafka.log.Log)
[2017-06-15 16:44:55,654] WARN Found a corrupted index file due to requirement failed: Corrupt index found, index file (C:\tmp\kafka-logs\__consumer_offsets-10\00000000000000000000.index) has non-zero size but the last offset is 0 which is no larger than the base offset 0.}. deleting C:\tmp\kafka-logs\__consumer_offsets-10\00000000000000000000.timeindex, C:\tmp\kafka-logs\__consumer_offsets-10\00000000000000000000.index and rebuilding index... (kafka.log.Log)
[2017-06-15 16:44:55,654] INFO Recovering unflushed segment 0 in log __consumer_offsets-10. (kafka.log.Log)
[2017-06-15 16:44:55,723] INFO Completed load of log __consumer_offsets-10 with 1 log segments and log end offset 0 in 369 ms (kafka.log.Log)
[2017-06-15 16:44:55,908] WARN Found a corrupted index file due to requirement failed: Corrupt index found, index file (C:\tmp\kafka-logs\__consumer_offsets-11\00000000000000000000.index) has non-zero size but the last offset is 0 which is no larger than the base offset 0.}. deleting C:\tmp\kafka-logs\__consumer_offsets-11\00000000000000000000.timeindex, C:\tmp\kafka-logs\__consumer_offsets-11\00000000000000000000.index and rebuilding index... (kafka.log.Log)
[2017-06-15 16:44:55,977] INFO Recovering unflushed segment 0 in log __consumer_offsets-11. (kafka.log.Log)
[2017-06-15 16:44:56,309] INFO Completed load of log __consumer_offsets-11 with 1 log segments and log end offset 0 in 570 ms (kafka.log.Log)
[2017-06-15 16:44:56,340] WARN Found a corrupted index file due to requirement failed: Corrupt index found, index file (C:\tmp\kafka-logs\__consumer_offsets-12\00000000000000000000.index) has non-zero size but the last offset is 0 which is no larger than the base offset 0.}. deleting C:\tmp\kafka-logs\__consumer_offsets-12\00000000000000000000.timeindex, C:\tmp\kafka-logs\__consumer_offsets-12\00000000000000000000.index and rebuilding index... (kafka.log.Log)
[2017-06-15 16:44:56,340] INFO Recovering unflushed segment 0 in log __consumer_offsets-12. (kafka.log.Log)
[2017-06-15 16:44:56,393] INFO Completed load of log __consumer_offsets-12 with 1 log segments and log end offset 0 in 84 ms (kafka.log.Log)
[2017-06-15 16:44:56,478] WARN Found a corrupted index file due to requirement failed: Corrupt index found, index file (C:\tmp\kafka-logs\__consumer_offsets-13\00000000000000000000.index) has non-zero size but the last offset is 0 which is no larger than the base offset 0.}. deleting C:\tmp\kafka-logs\__consumer_offsets-13\00000000000000000000.timeindex, C:\tmp\kafka-logs\__consumer_offsets-13\00000000000000000000.index and rebuilding index... (kafka.log.Log)
[2017-06-15 16:44:56,658] INFO Recovering unflushed segment 0 in log __consumer_offsets-13. (kafka.log.Log)
[2017-06-15 16:44:56,727] INFO Completed load of log __consumer_offsets-13 with 1 log segments and log end offset 0 in 334 ms (kafka.log.Log)
[2017-06-15 16:44:56,980] WARN Found a corrupted index file due to requirement failed: Corrupt index found, index file (C:\tmp\kafka-logs\__consumer_offsets-14\00000000000000000000.index) has non-zero size but the last offset is 0 which is no larger than the base offset 0.}. deleting C:\tmp\kafka-logs\__consumer_offsets-14\00000000000000000000.timeindex, C:\tmp\kafka-logs\__consumer_offsets-14\00000000000000000000.index and rebuilding index... (kafka.log.Log)
[2017-06-15 16:44:56,996] INFO Recovering unflushed segment 0 in log __consumer_offsets-14. (kafka.log.Log)
[2017-06-15 16:44:56,996] INFO Completed load of log __consumer_offsets-14 with 1 log segments and log end offset 0 in 269 ms (kafka.log.Log)
[2017-06-15 16:44:57,059] WARN Found a corrupted index file due to requirement failed: Corrupt index found, index file (C:\tmp\kafka-logs\__consumer_offsets-15\00000000000000000000.index) has non-zero size but the last offset is 0 which is no larger than the base offset 0.}. deleting C:\tmp\kafka-logs\__consumer_offsets-15\00000000000000000000.timeindex, C:\tmp\kafka-logs\__consumer_offsets-15\00000000000000000000.index and rebuilding index... (kafka.log.Log)
[2017-06-15 16:44:57,059] INFO Recovering unflushed segment 0 in log __consumer_offsets-15. (kafka.log.Log)
[2017-06-15 16:44:57,446] INFO Completed load of log __consumer_offsets-15 with 1 log segments and log end offset 0 in 434 ms (kafka.log.Log)
[2017-06-15 16:44:57,730] WARN Found a corrupted index file due to requirement failed: Corrupt index found, index file (C:\tmp\kafka-logs\__consumer_offsets-16\00000000000000000000.index) has non-zero size but the last offset is 0 which is no larger than the base offset 0.}. deleting C:\tmp\kafka-logs\__consumer_offsets-16\00000000000000000000.timeindex, C:\tmp\kafka-logs\__consumer_offsets-16\00000000000000000000.index and rebuilding index... (kafka.log.Log)
[2017-06-15 16:44:57,746] INFO Recovering unflushed segment 0 in log __consumer_offsets-16. (kafka.log.Log)
[2017-06-15 16:44:57,746] INFO Completed load of log __consumer_offsets-16 with 1 log segments and log end offset 0 in 285 ms (kafka.log.Log)
[2017-06-15 16:44:58,099] WARN Found a corrupted index file due to requirement failed: Corrupt index found, index file (C:\tmp\kafka-logs\__consumer_offsets-17\00000000000000000000.index) has non-zero size but the last offset is 0 which is no larger than the base offset 0.}. deleting C:\tmp\kafka-logs\__consumer_offsets-17\00000000000000000000.timeindex, C:\tmp\kafka-logs\__consumer_offsets-17\00000000000000000000.index and rebuilding index... (kafka.log.Log)
[2017-06-15 16:44:58,146] INFO Recovering unflushed segment 0 in log __consumer_offsets-17. (kafka.log.Log)
[2017-06-15 16:44:58,162] INFO Completed load of log __consumer_offsets-17 with 1 log segments and log end offset 0 in 416 ms (kafka.log.Log)
[2017-06-15 16:44:58,615] WARN Found a corrupted index file due to requirement failed: Corrupt index found, index file (C:\tmp\kafka-logs\__consumer_offsets-18\00000000000000000000.index) has non-zero size but the last offset is 0 which is no larger than the base offset 0.}. deleting C:\tmp\kafka-logs\__consumer_offsets-18\00000000000000000000.timeindex, C:\tmp\kafka-logs\__consumer_offsets-18\00000000000000000000.index and rebuilding index... (kafka.log.Log)
[2017-06-15 16:44:58,615] INFO Recovering unflushed segment 0 in log __consumer_offsets-18. (kafka.log.Log)
[2017-06-15 16:44:58,615] INFO Completed load of log __consumer_offsets-18 with 1 log segments and log end offset 0 in 453 ms (kafka.log.Log)
[2017-06-15 16:44:58,862] WARN Found a corrupted index file due to requirement failed: Corrupt index found, index file (C:\tmp\kafka-logs\__consumer_offsets-19\00000000000000000000.index) has non-zero size but the last offset is 0 which is no larger than the base offset 0.}. deleting C:\tmp\kafka-logs\__consumer_offsets-19\00000000000000000000.timeindex, C:\tmp\kafka-logs\__consumer_offsets-19\00000000000000000000.index and rebuilding index... (kafka.log.Log)
[2017-06-15 16:44:58,862] INFO Recovering unflushed segment 0 in log __consumer_offsets-19. (kafka.log.Log)
[2017-06-15 16:44:58,862] INFO Completed load of log __consumer_offsets-19 with 1 log segments and log end offset 0 in 231 ms (kafka.log.Log)
[2017-06-15 16:44:59,062] WARN Found a corrupted index file due to requirement failed: Corrupt index found, index file (C:\tmp\kafka-logs\__consumer_offsets-2\00000000000000000000.index) has non-zero size but the last offset is 0 which is no larger than the base offset 0.}. deleting C:\tmp\kafka-logs\__consumer_offsets-2\00000000000000000000.timeindex, C:\tmp\kafka-logs\__consumer_offsets-2\00000000000000000000.index and rebuilding index... (kafka.log.Log)
[2017-06-15 16:44:59,100] INFO Recovering unflushed segment 0 in log __consumer_offsets-2. (kafka.log.Log)
[2017-06-15 16:44:59,162] INFO Completed load of log __consumer_offsets-2 with 1 log segments and log end offset 0 in 280 ms (kafka.log.Log)
[2017-06-15 16:44:59,440] WARN Found a corrupted index file due to requirement failed: Corrupt index found, index file (C:\tmp\kafka-logs\__consumer_offsets-20\00000000000000000000.index) has non-zero size but the last offset is 0 which is no larger than the base offset 0.}. deleting C:\tmp\kafka-logs\__consumer_offsets-20\00000000000000000000.timeindex, C:\tmp\kafka-logs\__consumer_offsets-20\00000000000000000000.index and rebuilding index... (kafka.log.Log)
[2017-06-15 16:44:59,440] INFO Recovering unflushed segment 0 in log __consumer_offsets-20. (kafka.log.Log)
[2017-06-15 16:44:59,440] INFO Completed load of log __consumer_offsets-20 with 1 log segments and log end offset 0 in 260 ms (kafka.log.Log)
[2017-06-15 16:44:59,531] WARN Found a corrupted index file due to requirement failed: Corrupt index found, index file (C:\tmp\kafka-logs\__consumer_offsets-21\00000000000000000000.index) has non-zero size but the last offset is 0 which is no larger than the base offset 0.}. deleting C:\tmp\kafka-logs\__consumer_offsets-21\00000000000000000000.timeindex, C:\tmp\kafka-logs\__consumer_offsets-21\00000000000000000000.index and rebuilding index... (kafka.log.Log)
[2017-06-15 16:44:59,531] INFO Recovering unflushed segment 0 in log __consumer_offsets-21. (kafka.log.Log)
[2017-06-15 16:44:59,716] INFO Completed load of log __consumer_offsets-21 with 1 log segments and log end offset 0 in 260 ms (kafka.log.Log)
[2017-06-15 16:45:00,031] WARN Found a corrupted index file due to requirement failed: Corrupt index found, index file (C:\tmp\kafka-logs\__consumer_offsets-22\00000000000000000000.index) has non-zero size but the last offset is 0 which is no larger than the base offset 0.}. deleting C:\tmp\kafka-logs\__consumer_offsets-22\00000000000000000000.timeindex, C:\tmp\kafka-logs\__consumer_offsets-22\00000000000000000000.index and rebuilding index... (kafka.log.Log)
[2017-06-15 16:45:00,031] INFO Recovering unflushed segment 0 in log __consumer_offsets-22. (kafka.log.Log)
[2017-06-15 16:45:00,184] INFO Completed load of log __consumer_offsets-22 with 1 log segments and log end offset 0 in 468 ms (kafka.log.Log)
[2017-06-15 16:45:00,547] WARN Found a corrupted index file due to requirement failed: Corrupt index found, index file (C:\tmp\kafka-logs\__consumer_offsets-23\00000000000000000000.index) has non-zero size but the last offset is 0 which is no larger than the base offset 0.}. deleting C:\tmp\kafka-logs\__consumer_offsets-23\00000000000000000000.timeindex, C:\tmp\kafka-logs\__consumer_offsets-23\00000000000000000000.index and rebuilding index... (kafka.log.Log)
[2017-06-15 16:45:00,562] INFO Recovering unflushed segment 0 in log __consumer_offsets-23. (kafka.log.Log)
[2017-06-15 16:45:00,562] INFO Completed load of log __consumer_offsets-23 with 1 log segments and log end offset 0 in 378 ms (kafka.log.Log)
[2017-06-15 16:45:00,762] WARN Found a corrupted index file due to requirement failed: Corrupt index found, index file (C:\tmp\kafka-logs\__consumer_offsets-24\00000000000000000000.index) has non-zero size but the last offset is 0 which is no larger than the base offset 0.}. deleting C:\tmp\kafka-logs\__consumer_offsets-24\00000000000000000000.timeindex, C:\tmp\kafka-logs\__consumer_offsets-24\00000000000000000000.index and rebuilding index... (kafka.log.Log)
[2017-06-15 16:45:00,762] INFO Recovering unflushed segment 0 in log __consumer_offsets-24. (kafka.log.Log)
[2017-06-15 16:45:00,799] INFO Completed load of log __consumer_offsets-24 with 1 log segments and log end offset 0 in 237 ms (kafka.log.Log)
[2017-06-15 16:45:00,931] WARN Found a corrupted index file due to requirement failed: Corrupt index found, index file (C:\tmp\kafka-logs\__consumer_offsets-25\00000000000000000000.index) has non-zero size but the last offset is 0 which is no larger than the base offset 0.}. deleting C:\tmp\kafka-logs\__consumer_offsets-25\00000000000000000000.timeindex, C:\tmp\kafka-logs\__consumer_offsets-25\00000000000000000000.index and rebuilding index... (kafka.log.Log)
[2017-06-15 16:45:00,931] INFO Recovering unflushed segment 0 in log __consumer_offsets-25. (kafka.log.Log)
[2017-06-15 16:45:00,984] INFO Completed load of log __consumer_offsets-25 with 1 log segments and log end offset 0 in 185 ms (kafka.log.Log)
[2017-06-15 16:45:01,016] WARN Found a corrupted index file due to requirement failed: Corrupt index found, index file (C:\tmp\kafka-logs\__consumer_offsets-26\00000000000000000000.index) has non-zero size but the last offset is 0 which is no larger than the base offset 0.}. deleting C:\tmp\kafka-logs\__consumer_offsets-26\00000000000000000000.timeindex, C:\tmp\kafka-logs\__consumer_offsets-26\00000000000000000000.index and rebuilding index... (kafka.log.Log)
[2017-06-15 16:45:01,016] INFO Recovering unflushed segment 0 in log __consumer_offsets-26. (kafka.log.Log)
[2017-06-15 16:45:01,016] INFO Completed load of log __consumer_offsets-26 with 1 log segments and log end offset 0 in 32 ms (kafka.log.Log)
[2017-06-15 16:45:01,163] WARN Found a corrupted index file due to requirement failed: Corrupt index found, index file (C:\tmp\kafka-logs\__consumer_offsets-27\00000000000000000000.index) has non-zero size but the last offset is 0 which is no larger than the base offset 0.}. deleting C:\tmp\kafka-logs\__consumer_offsets-27\00000000000000000000.timeindex, C:\tmp\kafka-logs\__consumer_offsets-27\00000000000000000000.index and rebuilding index... (kafka.log.Log)
[2017-06-15 16:45:01,170] INFO Recovering unflushed segment 0 in log __consumer_offsets-27. (kafka.log.Log)
[2017-06-15 16:45:01,200] INFO Completed load of log __consumer_offsets-27 with 1 log segments and log end offset 0 in 169 ms (kafka.log.Log)
[2017-06-15 16:45:01,450] WARN Found a corrupted index file due to requirement failed: Corrupt index found, index file (C:\tmp\kafka-logs\__consumer_offsets-28\00000000000000000000.index) has non-zero size but the last offset is 0 which is no larger than the base offset 0.}. deleting C:\tmp\kafka-logs\__consumer_offsets-28\00000000000000000000.timeindex, C:\tmp\kafka-logs\__consumer_offsets-28\00000000000000000000.index and rebuilding index... (kafka.log.Log)
[2017-06-15 16:45:01,456] INFO Recovering unflushed segment 0 in log __consumer_offsets-28. (kafka.log.Log)
[2017-06-15 16:45:01,521] INFO Completed load of log __consumer_offsets-28 with 1 log segments and log end offset 0 in 304 ms (kafka.log.Log)
[2017-06-15 16:45:01,602] WARN Found a corrupted index file due to requirement failed: Corrupt index found, index file (C:\tmp\kafka-logs\__consumer_offsets-29\00000000000000000000.index) has non-zero size but the last offset is 0 which is no larger than the base offset 0.}. deleting C:\tmp\kafka-logs\__consumer_offsets-29\00000000000000000000.timeindex, C:\tmp\kafka-logs\__consumer_offsets-29\00000000000000000000.index and rebuilding index... (kafka.log.Log)
[2017-06-15 16:45:01,609] INFO Recovering unflushed segment 0 in log __consumer_offsets-29. (kafka.log.Log)
[2017-06-15 16:45:01,789] INFO Completed load of log __consumer_offsets-29 with 1 log segments and log end offset 0 in 262 ms (kafka.log.Log)
[2017-06-15 16:45:01,904] WARN Found a corrupted index file due to requirement failed: Corrupt index found, index file (C:\tmp\kafka-logs\__consumer_offsets-3\00000000000000000000.index) has non-zero size but the last offset is 0 which is no larger than the base offset 0.}. deleting C:\tmp\kafka-logs\__consumer_offsets-3\00000000000000000000.timeindex, C:\tmp\kafka-logs\__consumer_offsets-3\00000000000000000000.index and rebuilding index... (kafka.log.Log)
[2017-06-15 16:45:01,968] INFO Recovering unflushed segment 0 in log __consumer_offsets-3. (kafka.log.Log)
[2017-06-15 16:45:01,983] INFO Completed load of log __consumer_offsets-3 with 1 log segments and log end offset 0 in 190 ms (kafka.log.Log)
[2017-06-15 16:45:02,221] WARN Found a corrupted index file due to requirement failed: Corrupt index found, index file (C:\tmp\kafka-logs\__consumer_offsets-30\00000000000000000000.index) has non-zero size but the last offset is 0 which is no larger than the base offset 0.}. deleting C:\tmp\kafka-logs\__consumer_offsets-30\00000000000000000000.timeindex, C:\tmp\kafka-logs\__consumer_offsets-30\00000000000000000000.index and rebuilding index... (kafka.log.Log)
[2017-06-15 16:45:02,221] INFO Recovering unflushed segment 0 in log __consumer_offsets-30. (kafka.log.Log)
[2017-06-15 16:45:02,236] INFO Completed load of log __consumer_offsets-30 with 1 log segments and log end offset 0 in 253 ms (kafka.log.Log)
[2017-06-15 16:45:02,367] WARN Found a corrupted index file due to requirement failed: Corrupt index found, index file (C:\tmp\kafka-logs\__consumer_offsets-31\00000000000000000000.index) has non-zero size but the last offset is 0 which is no larger than the base offset 0.}. deleting C:\tmp\kafka-logs\__consumer_offsets-31\00000000000000000000.timeindex, C:\tmp\kafka-logs\__consumer_offsets-31\00000000000000000000.index and rebuilding index... (kafka.log.Log)
[2017-06-15 16:45:02,367] INFO Recovering unflushed segment 0 in log __consumer_offsets-31. (kafka.log.Log)
[2017-06-15 16:45:02,402] INFO Completed load of log __consumer_offsets-31 with 1 log segments and log end offset 0 in 166 ms (kafka.log.Log)
[2017-06-15 16:45:02,583] WARN Found a corrupted index file due to requirement failed: Corrupt index found, index file (C:\tmp\kafka-logs\__consumer_offsets-32\00000000000000000000.index) has non-zero size but the last offset is 0 which is no larger than the base offset 0.}. deleting C:\tmp\kafka-logs\__consumer_offsets-32\00000000000000000000.timeindex, C:\tmp\kafka-logs\__consumer_offsets-32\00000000000000000000.index and rebuilding index... (kafka.log.Log)
[2017-06-15 16:45:02,583] INFO Recovering unflushed segment 0 in log __consumer_offsets-32. (kafka.log.Log)
[2017-06-15 16:45:02,583] INFO Completed load of log __consumer_offsets-32 with 1 log segments and log end offset 0 in 178 ms (kafka.log.Log)
[2017-06-15 16:45:02,768] WARN Found a corrupted index file due to requirement failed: Corrupt index found, index file (C:\tmp\kafka-logs\__consumer_offsets-33\00000000000000000000.index) has non-zero size but the last offset is 0 which is no larger than the base offset 0.}. deleting C:\tmp\kafka-logs\__consumer_offsets-33\00000000000000000000.timeindex, C:\tmp\kafka-logs\__consumer_offsets-33\00000000000000000000.index and rebuilding index... (kafka.log.Log)
[2017-06-15 16:45:02,783] INFO Recovering unflushed segment 0 in log __consumer_offsets-33. (kafka.log.Log)
[2017-06-15 16:45:02,836] INFO Completed load of log __consumer_offsets-33 with 1 log segments and log end offset 0 in 234 ms (kafka.log.Log)
[2017-06-15 16:45:03,005] WARN Found a corrupted index file due to requirement failed: Corrupt index found, index file (C:\tmp\kafka-logs\__consumer_offsets-34\00000000000000000000.index) has non-zero size but the last offset is 0 which is no larger than the base offset 0.}. deleting C:\tmp\kafka-logs\__consumer_offsets-34\00000000000000000000.timeindex, C:\tmp\kafka-logs\__consumer_offsets-34\00000000000000000000.index and rebuilding index... (kafka.log.Log)
[2017-06-15 16:45:03,005] INFO Recovering unflushed segment 0 in log __consumer_offsets-34. (kafka.log.Log)
[2017-06-15 16:45:03,068] INFO Completed load of log __consumer_offsets-34 with 1 log segments and log end offset 0 in 232 ms (kafka.log.Log)
[2017-06-15 16:45:03,183] WARN Found a corrupted index file due to requirement failed: Corrupt index found, index file (C:\tmp\kafka-logs\__consumer_offsets-35\00000000000000000000.index) has non-zero size but the last offset is 0 which is no larger than the base offset 0.}. deleting C:\tmp\kafka-logs\__consumer_offsets-35\00000000000000000000.timeindex, C:\tmp\kafka-logs\__consumer_offsets-35\00000000000000000000.index and rebuilding index... (kafka.log.Log)
[2017-06-15 16:45:03,183] INFO Recovering unflushed segment 0 in log __consumer_offsets-35. (kafka.log.Log)
[2017-06-15 16:45:03,183] INFO Completed load of log __consumer_offsets-35 with 1 log segments and log end offset 0 in 100 ms (kafka.log.Log)
[2017-06-15 16:45:03,205] WARN Found a corrupted index file due to requirement failed: Corrupt index found, index file (C:\tmp\kafka-logs\__consumer_offsets-36\00000000000000000000.index) has non-zero size but the last offset is 0 which is no larger than the base offset 0.}. deleting C:\tmp\kafka-logs\__consumer_offsets-36\00000000000000000000.timeindex, C:\tmp\kafka-logs\__consumer_offsets-36\00000000000000000000.index and rebuilding index... (kafka.log.Log)
[2017-06-15 16:45:03,405] INFO Recovering unflushed segment 0 in log __consumer_offsets-36. (kafka.log.Log)
[2017-06-15 16:45:03,405] INFO Completed load of log __consumer_offsets-36 with 1 log segments and log end offset 141 in 204 ms (kafka.log.Log)
[2017-06-15 16:45:03,484] WARN Found a corrupted index file due to requirement failed: Corrupt index found, index file (C:\tmp\kafka-logs\__consumer_offsets-37\00000000000000000000.index) has non-zero size but the last offset is 0 which is no larger than the base offset 0.}. deleting C:\tmp\kafka-logs\__consumer_offsets-37\00000000000000000000.timeindex, C:\tmp\kafka-logs\__consumer_offsets-37\00000000000000000000.index and rebuilding index... (kafka.log.Log)
[2017-06-15 16:45:03,484] INFO Recovering unflushed segment 0 in log __consumer_offsets-37. (kafka.log.Log)
[2017-06-15 16:45:03,484] INFO Completed load of log __consumer_offsets-37 with 1 log segments and log end offset 0 in 63 ms (kafka.log.Log)
[2017-06-15 16:45:03,784] WARN Found a corrupted index file due to requirement failed: Corrupt index found, index file (C:\tmp\kafka-logs\__consumer_offsets-38\00000000000000000000.index) has non-zero size but the last offset is 0 which is no larger than the base offset 0.}. deleting C:\tmp\kafka-logs\__consumer_offsets-38\00000000000000000000.timeindex, C:\tmp\kafka-logs\__consumer_offsets-38\00000000000000000000.index and rebuilding index... (kafka.log.Log)
[2017-06-15 16:45:03,784] INFO Recovering unflushed segment 0 in log __consumer_offsets-38. (kafka.log.Log)
[2017-06-15 16:45:03,801] INFO Completed load of log __consumer_offsets-38 with 1 log segments and log end offset 0 in 296 ms (kafka.log.Log)
[2017-06-15 16:45:03,907] WARN Found a corrupted index file due to requirement failed: Corrupt index found, index file (C:\tmp\kafka-logs\__consumer_offsets-39\00000000000000000000.index) has non-zero size but the last offset is 0 which is no larger than the base offset 0.}. deleting C:\tmp\kafka-logs\__consumer_offsets-39\00000000000000000000.timeindex, C:\tmp\kafka-logs\__consumer_offsets-39\00000000000000000000.index and rebuilding index... (kafka.log.Log)
[2017-06-15 16:45:03,907] INFO Recovering unflushed segment 0 in log __consumer_offsets-39. (kafka.log.Log)
[2017-06-15 16:45:03,907] INFO Completed load of log __consumer_offsets-39 with 1 log segments and log end offset 0 in 103 ms (kafka.log.Log)
[2017-06-15 16:45:04,384] WARN Found a corrupted index file due to requirement failed: Corrupt index found, index file (C:\tmp\kafka-logs\__consumer_offsets-4\00000000000000000000.index) has non-zero size but the last offset is 0 which is no larger than the base offset 0.}. deleting C:\tmp\kafka-logs\__consumer_offsets-4\00000000000000000000.timeindex, C:\tmp\kafka-logs\__consumer_offsets-4\00000000000000000000.index and rebuilding index... (kafka.log.Log)
[2017-06-15 16:45:04,384] INFO Recovering unflushed segment 0 in log __consumer_offsets-4. (kafka.log.Log)
[2017-06-15 16:45:04,400] INFO Completed load of log __consumer_offsets-4 with 1 log segments and log end offset 0 in 477 ms (kafka.log.Log)
[2017-06-15 16:45:04,622] WARN Found a corrupted index file due to requirement failed: Corrupt index found, index file (C:\tmp\kafka-logs\__consumer_offsets-40\00000000000000000000.index) has non-zero size but the last offset is 0 which is no larger than the base offset 0.}. deleting C:\tmp\kafka-logs\__consumer_offsets-40\00000000000000000000.timeindex, C:\tmp\kafka-logs\__consumer_offsets-40\00000000000000000000.index and rebuilding index... (kafka.log.Log)
[2017-06-15 16:45:04,638] INFO Recovering unflushed segment 0 in log __consumer_offsets-40. (kafka.log.Log)
[2017-06-15 16:45:04,638] INFO Completed load of log __consumer_offsets-40 with 1 log segments and log end offset 0 in 235 ms (kafka.log.Log)
[2017-06-15 16:45:04,853] WARN Found a corrupted index file due to requirement failed: Corrupt index found, index file (C:\tmp\kafka-logs\__consumer_offsets-41\00000000000000000000.index) has non-zero size but the last offset is 0 which is no larger than the base offset 0.}. deleting C:\tmp\kafka-logs\__consumer_offsets-41\00000000000000000000.timeindex, C:\tmp\kafka-logs\__consumer_offsets-41\00000000000000000000.index and rebuilding index... (kafka.log.Log)
[2017-06-15 16:45:04,906] INFO Recovering unflushed segment 0 in log __consumer_offsets-41. (kafka.log.Log)
[2017-06-15 16:45:04,906] INFO Completed load of log __consumer_offsets-41 with 1 log segments and log end offset 0 in 268 ms (kafka.log.Log)
[2017-06-15 16:45:04,969] WARN Found a corrupted index file due to requirement failed: Corrupt index found, index file (C:\tmp\kafka-logs\__consumer_offsets-42\00000000000000000000.index) has non-zero size but the last offset is 0 which is no larger than the base offset 0.}. deleting C:\tmp\kafka-logs\__consumer_offsets-42\00000000000000000000.timeindex, C:\tmp\kafka-logs\__consumer_offsets-42\00000000000000000000.index and rebuilding index... (kafka.log.Log)
[2017-06-15 16:45:05,053] INFO Recovering unflushed segment 0 in log __consumer_offsets-42. (kafka.log.Log)
[2017-06-15 16:45:05,069] INFO Completed load of log __consumer_offsets-42 with 1 log segments and log end offset 0 in 163 ms (kafka.log.Log)
[2017-06-15 16:45:05,253] WARN Found a corrupted index file due to requirement failed: Corrupt index found, index file (C:\tmp\kafka-logs\__consumer_offsets-43\00000000000000000000.index) has non-zero size but the last offset is 0 which is no larger than the base offset 0.}. deleting C:\tmp\kafka-logs\__consumer_offsets-43\00000000000000000000.timeindex, C:\tmp\kafka-logs\__consumer_offsets-43\00000000000000000000.index and rebuilding index... (kafka.log.Log)
[2017-06-15 16:45:05,253] INFO Recovering unflushed segment 0 in log __consumer_offsets-43. (kafka.log.Log)
[2017-06-15 16:45:05,253] INFO Completed load of log __consumer_offsets-43 with 1 log segments and log end offset 0 in 184 ms (kafka.log.Log)
[2017-06-15 16:45:05,269] WARN Found a corrupted index file due to requirement failed: Corrupt index found, index file (C:\tmp\kafka-logs\__consumer_offsets-44\00000000000000000000.index) has non-zero size but the last offset is 0 which is no larger than the base offset 0.}. deleting C:\tmp\kafka-logs\__consumer_offsets-44\00000000000000000000.timeindex, C:\tmp\kafka-logs\__consumer_offsets-44\00000000000000000000.index and rebuilding index... (kafka.log.Log)
[2017-06-15 16:45:05,269] INFO Recovering unflushed segment 0 in log __consumer_offsets-44. (kafka.log.Log)
[2017-06-15 16:45:05,284] INFO Completed load of log __consumer_offsets-44 with 1 log segments and log end offset 0 in 31 ms (kafka.log.Log)
[2017-06-15 16:45:05,438] WARN Found a corrupted index file due to requirement failed: Corrupt index found, index file (C:\tmp\kafka-logs\__consumer_offsets-45\00000000000000000000.index) has non-zero size but the last offset is 0 which is no larger than the base offset 0.}. deleting C:\tmp\kafka-logs\__consumer_offsets-45\00000000000000000000.timeindex, C:\tmp\kafka-logs\__consumer_offsets-45\00000000000000000000.index and rebuilding index... (kafka.log.Log)
[2017-06-15 16:45:05,453] INFO Recovering unflushed segment 0 in log __consumer_offsets-45. (kafka.log.Log)
[2017-06-15 16:45:05,453] INFO Completed load of log __consumer_offsets-45 with 1 log segments and log end offset 0 in 169 ms (kafka.log.Log)
[2017-06-15 16:45:05,538] WARN Found a corrupted index file due to requirement failed: Corrupt index found, index file (C:\tmp\kafka-logs\__consumer_offsets-46\00000000000000000000.index) has non-zero size but the last offset is 0 which is no larger than the base offset 0.}. deleting C:\tmp\kafka-logs\__consumer_offsets-46\00000000000000000000.timeindex, C:\tmp\kafka-logs\__consumer_offsets-46\00000000000000000000.index and rebuilding index... (kafka.log.Log)
[2017-06-15 16:45:05,538] INFO Recovering unflushed segment 0 in log __consumer_offsets-46. (kafka.log.Log)
[2017-06-15 16:45:05,538] INFO Completed load of log __consumer_offsets-46 with 1 log segments and log end offset 0 in 85 ms (kafka.log.Log)
[2017-06-15 16:45:05,669] WARN Found a corrupted index file due to requirement failed: Corrupt index found, index file (C:\tmp\kafka-logs\__consumer_offsets-47\00000000000000000000.index) has non-zero size but the last offset is 0 which is no larger than the base offset 0.}. deleting C:\tmp\kafka-logs\__consumer_offsets-47\00000000000000000000.timeindex, C:\tmp\kafka-logs\__consumer_offsets-47\00000000000000000000.index and rebuilding index... (kafka.log.Log)
[2017-06-15 16:45:05,685] INFO Recovering unflushed segment 0 in log __consumer_offsets-47. (kafka.log.Log)
[2017-06-15 16:45:05,723] INFO Completed load of log __consumer_offsets-47 with 1 log segments and log end offset 0 in 169 ms (kafka.log.Log)
[2017-06-15 16:45:05,905] WARN Found a corrupted index file due to requirement failed: Corrupt index found, index file (C:\tmp\kafka-logs\__consumer_offsets-48\00000000000000000000.index) has non-zero size but the last offset is 0 which is no larger than the base offset 0.}. deleting C:\tmp\kafka-logs\__consumer_offsets-48\00000000000000000000.timeindex, C:\tmp\kafka-logs\__consumer_offsets-48\00000000000000000000.index and rebuilding index... (kafka.log.Log)
[2017-06-15 16:45:05,910] INFO Recovering unflushed segment 0 in log __consumer_offsets-48. (kafka.log.Log)
[2017-06-15 16:45:05,915] INFO Completed load of log __consumer_offsets-48 with 1 log segments and log end offset 0 in 192 ms (kafka.log.Log)
[2017-06-15 16:45:06,064] WARN Found a corrupted index file due to requirement failed: Corrupt index found, index file (C:\tmp\kafka-logs\__consumer_offsets-49\00000000000000000000.index) has non-zero size but the last offset is 0 which is no larger than the base offset 0.}. deleting C:\tmp\kafka-logs\__consumer_offsets-49\00000000000000000000.timeindex, C:\tmp\kafka-logs\__consumer_offsets-49\00000000000000000000.index and rebuilding index... (kafka.log.Log)
[2017-06-15 16:45:06,071] INFO Recovering unflushed segment 0 in log __consumer_offsets-49. (kafka.log.Log)
[2017-06-15 16:45:06,076] INFO Completed load of log __consumer_offsets-49 with 1 log segments and log end offset 0 in 154 ms (kafka.log.Log)
[2017-06-15 16:45:06,227] WARN Found a corrupted index file due to requirement failed: Corrupt index found, index file (C:\tmp\kafka-logs\__consumer_offsets-5\00000000000000000000.index) has non-zero size but the last offset is 0 which is no larger than the base offset 0.}. deleting C:\tmp\kafka-logs\__consumer_offsets-5\00000000000000000000.timeindex, C:\tmp\kafka-logs\__consumer_offsets-5\00000000000000000000.index and rebuilding index... (kafka.log.Log)
[2017-06-15 16:45:06,236] INFO Recovering unflushed segment 0 in log __consumer_offsets-5. (kafka.log.Log)
[2017-06-15 16:45:06,281] INFO Completed load of log __consumer_offsets-5 with 1 log segments and log end offset 0 in 199 ms (kafka.log.Log)
[2017-06-15 16:45:06,310] WARN Found a corrupted index file due to requirement failed: Corrupt index found, index file (C:\tmp\kafka-logs\__consumer_offsets-6\00000000000000000000.index) has non-zero size but the last offset is 0 which is no larger than the base offset 0.}. deleting C:\tmp\kafka-logs\__consumer_offsets-6\00000000000000000000.timeindex, C:\tmp\kafka-logs\__consumer_offsets-6\00000000000000000000.index and rebuilding index... (kafka.log.Log)
[2017-06-15 16:45:06,315] INFO Recovering unflushed segment 0 in log __consumer_offsets-6. (kafka.log.Log)
[2017-06-15 16:45:06,320] INFO Completed load of log __consumer_offsets-6 with 1 log segments and log end offset 0 in 32 ms (kafka.log.Log)
[2017-06-15 16:45:06,518] WARN Found a corrupted index file due to requirement failed: Corrupt index found, index file (C:\tmp\kafka-logs\__consumer_offsets-7\00000000000000000000.index) has non-zero size but the last offset is 0 which is no larger than the base offset 0.}. deleting C:\tmp\kafka-logs\__consumer_offsets-7\00000000000000000000.timeindex, C:\tmp\kafka-logs\__consumer_offsets-7\00000000000000000000.index and rebuilding index... (kafka.log.Log)
[2017-06-15 16:45:06,523] INFO Recovering unflushed segment 0 in log __consumer_offsets-7. (kafka.log.Log)
[2017-06-15 16:45:06,542] INFO Completed load of log __consumer_offsets-7 with 1 log segments and log end offset 0 in 208 ms (kafka.log.Log)
[2017-06-15 16:45:06,553] WARN Found a corrupted index file due to requirement failed: Corrupt index found, index file (C:\tmp\kafka-logs\__consumer_offsets-8\00000000000000000000.index) has non-zero size but the last offset is 0 which is no larger than the base offset 0.}. deleting C:\tmp\kafka-logs\__consumer_offsets-8\00000000000000000000.timeindex, C:\tmp\kafka-logs\__consumer_offsets-8\00000000000000000000.index and rebuilding index... (kafka.log.Log)
[2017-06-15 16:45:06,558] INFO Recovering unflushed segment 0 in log __consumer_offsets-8. (kafka.log.Log)
[2017-06-15 16:45:06,564] INFO Completed load of log __consumer_offsets-8 with 1 log segments and log end offset 0 in 17 ms (kafka.log.Log)
[2017-06-15 16:45:06,932] WARN Found a corrupted index file due to requirement failed: Corrupt index found, index file (C:\tmp\kafka-logs\__consumer_offsets-9\00000000000000000000.index) has non-zero size but the last offset is 0 which is no larger than the base offset 0.}. deleting C:\tmp\kafka-logs\__consumer_offsets-9\00000000000000000000.timeindex, C:\tmp\kafka-logs\__consumer_offsets-9\00000000000000000000.index and rebuilding index... (kafka.log.Log)
[2017-06-15 16:45:06,938] INFO Recovering unflushed segment 0 in log __consumer_offsets-9. (kafka.log.Log)
[2017-06-15 16:45:06,964] INFO Completed load of log __consumer_offsets-9 with 1 log segments and log end offset 0 in 394 ms (kafka.log.Log)
[2017-06-15 16:45:06,975] INFO Logs loading complete in 31038 ms. (kafka.log.LogManager)
[2017-06-15 16:45:07,530] INFO Starting log cleanup with a period of 300000 ms. (kafka.log.LogManager)
[2017-06-15 16:45:07,535] INFO Starting log flusher with a default period of 9223372036854775807 ms. (kafka.log.LogManager)
[2017-06-15 16:45:08,740] INFO Awaiting socket connections on 0.0.0.0:9092. (kafka.network.Acceptor)
[2017-06-15 16:45:08,755] INFO [Socket Server on Broker 0], Started 1 acceptor threads (kafka.network.SocketServer)
[2017-06-15 16:45:09,278] INFO [ExpirationReaper-0], Starting  (kafka.server.DelayedOperationPurgatory$ExpiredOperationReaper)
[2017-06-15 16:45:09,278] INFO [ExpirationReaper-0], Starting  (kafka.server.DelayedOperationPurgatory$ExpiredOperationReaper)
[2017-06-15 16:45:10,110] INFO Creating /controller (is it secure? false) (kafka.utils.ZKCheckedEphemeral)
[2017-06-15 16:45:10,225] INFO Result of znode creation is: OK (kafka.utils.ZKCheckedEphemeral)
[2017-06-15 16:45:10,225] INFO 0 successfully elected as leader (kafka.server.ZookeeperLeaderElector)
[2017-06-15 16:45:16,130] INFO New leader is 0 (kafka.server.ZookeeperLeaderElector$LeaderChangeListener)
[2017-06-15 16:45:16,137] INFO [ExpirationReaper-0], Starting  (kafka.server.DelayedOperationPurgatory$ExpiredOperationReaper)
[2017-06-15 16:45:16,206] INFO [ExpirationReaper-0], Starting  (kafka.server.DelayedOperationPurgatory$ExpiredOperationReaper)
[2017-06-15 16:45:16,206] INFO [ExpirationReaper-0], Starting  (kafka.server.DelayedOperationPurgatory$ExpiredOperationReaper)
[2017-06-15 16:45:16,809] INFO [GroupCoordinator 0]: Starting up. (kafka.coordinator.GroupCoordinator)
[2017-06-15 16:45:16,812] INFO [GroupCoordinator 0]: Startup complete. (kafka.coordinator.GroupCoordinator)
[2017-06-15 16:45:16,816] INFO [Group Metadata Manager on Broker 0]: Removed 0 expired offsets in 4 milliseconds. (kafka.coordinator.GroupMetadataManager)
[2017-06-15 16:45:18,007] INFO Will not load MX4J, mx4j-tools.jar is not in the classpath (kafka.utils.Mx4jLoader$)
[2017-06-15 16:45:19,076] INFO Creating /brokers/ids/0 (is it secure? false) (kafka.utils.ZKCheckedEphemeral)
[2017-06-15 16:45:19,544] INFO Result of znode creation is: OK (kafka.utils.ZKCheckedEphemeral)
[2017-06-15 16:45:19,592] INFO Registered broker 0 at path /brokers/ids/0 with addresses: EndPoint(DESKTOP-FVBPVDR.fritz.box,9092,ListenerName(PLAINTEXT),PLAINTEXT) (kafka.utils.ZkUtils)
[2017-06-15 16:45:20,123] INFO [Kafka Server 0], started (kafka.server.KafkaServer)
[2017-06-15 16:45:22,762] INFO [ReplicaFetcherManager on broker 0] Removed fetcher for partitions __consumer_offsets-22,__consumer_offsets-30,__consumer_offsets-8,__consumer_offsets-21,__consumer_offsets-4,__consumer_offsets-27,__consumer_offsets-7,__consumer_offsets-9,__consumer_offsets-46,__consumer_offsets-25,__consumer_offsets-35,__consumer_offsets-41,__consumer_offsets-33,__consumer_offsets-23,__consumer_offsets-49,__consumer_offsets-47,__consumer_offsets-16,__consumer_offsets-28,__consumer_offsets-31,__consumer_offsets-36,__consumer_offsets-42,__consumer_offsets-3,__consumer_offsets-18,__consumer_offsets-37,__consumer_offsets-15,__consumer_offsets-24,__consumer_offsets-38,__consumer_offsets-17,__consumer_offsets-48,__consumer_offsets-19,__consumer_offsets-11,__consumer_offsets-13,__consumer_offsets-2,__consumer_offsets-43,__consumer_offsets-6,__consumer_offsets-14,__consumer_offsets-20,__consumer_offsets-0,__consumer_offsets-44,__consumer_offsets-39,__consumer_offsets-12,__consumer_offsets-45,__consumer_offsets-1,__consumer_offsets-5,__consumer_offsets-26,__consumer_offsets-29,__consumer_offsets-34,__consumer_offsets-10,speckvonschmeck-0,__consumer_offsets-32,__consumer_offsets-40 (kafka.server.ReplicaFetcherManager)
[2017-06-15 16:45:28,793] INFO [Group Metadata Manager on Broker 0]: Loading offsets and group metadata from __consumer_offsets-22 (kafka.coordinator.GroupMetadataManager)
[2017-06-15 16:45:28,995] INFO [Group Metadata Manager on Broker 0]: Finished loading offsets from __consumer_offsets-22 in 84 milliseconds. (kafka.coordinator.GroupMetadataManager)
[2017-06-15 16:45:28,995] INFO [Group Metadata Manager on Broker 0]: Loading offsets and group metadata from __consumer_offsets-25 (kafka.coordinator.GroupMetadataManager)
[2017-06-15 16:45:29,012] INFO [Group Metadata Manager on Broker 0]: Finished loading offsets from __consumer_offsets-25 in 17 milliseconds. (kafka.coordinator.GroupMetadataManager)
[2017-06-15 16:45:29,013] INFO [Group Metadata Manager on Broker 0]: Loading offsets and group metadata from __consumer_offsets-28 (kafka.coordinator.GroupMetadataManager)
[2017-06-15 16:45:29,017] INFO [Group Metadata Manager on Broker 0]: Finished loading offsets from __consumer_offsets-28 in 4 milliseconds. (kafka.coordinator.GroupMetadataManager)
[2017-06-15 16:45:29,017] INFO [Group Metadata Manager on Broker 0]: Loading offsets and group metadata from __consumer_offsets-31 (kafka.coordinator.GroupMetadataManager)
[2017-06-15 16:45:29,017] INFO [Group Metadata Manager on Broker 0]: Finished loading offsets from __consumer_offsets-31 in 0 milliseconds. (kafka.coordinator.GroupMetadataManager)
[2017-06-15 16:45:29,017] INFO [Group Metadata Manager on Broker 0]: Loading offsets and group metadata from __consumer_offsets-34 (kafka.coordinator.GroupMetadataManager)
[2017-06-15 16:45:29,033] INFO [Group Metadata Manager on Broker 0]: Finished loading offsets from __consumer_offsets-34 in 16 milliseconds. (kafka.coordinator.GroupMetadataManager)
[2017-06-15 16:45:29,033] INFO [Group Metadata Manager on Broker 0]: Loading offsets and group metadata from __consumer_offsets-37 (kafka.coordinator.GroupMetadataManager)
[2017-06-15 16:45:29,033] INFO [Group Metadata Manager on Broker 0]: Finished loading offsets from __consumer_offsets-37 in 0 milliseconds. (kafka.coordinator.GroupMetadataManager)
[2017-06-15 16:45:29,033] INFO [Group Metadata Manager on Broker 0]: Loading offsets and group metadata from __consumer_offsets-40 (kafka.coordinator.GroupMetadataManager)
[2017-06-15 16:45:29,048] INFO [Group Metadata Manager on Broker 0]: Finished loading offsets from __consumer_offsets-40 in 15 milliseconds. (kafka.coordinator.GroupMetadataManager)
[2017-06-15 16:45:29,048] INFO [Group Metadata Manager on Broker 0]: Loading offsets and group metadata from __consumer_offsets-43 (kafka.coordinator.GroupMetadataManager)
[2017-06-15 16:45:29,048] INFO [Group Metadata Manager on Broker 0]: Finished loading offsets from __consumer_offsets-43 in 0 milliseconds. (kafka.coordinator.GroupMetadataManager)
[2017-06-15 16:45:29,048] INFO [Group Metadata Manager on Broker 0]: Loading offsets and group metadata from __consumer_offsets-46 (kafka.coordinator.GroupMetadataManager)
[2017-06-15 16:45:29,064] INFO [Group Metadata Manager on Broker 0]: Finished loading offsets from __consumer_offsets-46 in 16 milliseconds. (kafka.coordinator.GroupMetadataManager)
[2017-06-15 16:45:29,064] INFO [Group Metadata Manager on Broker 0]: Loading offsets and group metadata from __consumer_offsets-49 (kafka.coordinator.GroupMetadataManager)
[2017-06-15 16:45:29,064] INFO [Group Metadata Manager on Broker 0]: Finished loading offsets from __consumer_offsets-49 in 0 milliseconds. (kafka.coordinator.GroupMetadataManager)
[2017-06-15 16:45:29,064] INFO [Group Metadata Manager on Broker 0]: Loading offsets and group metadata from __consumer_offsets-41 (kafka.coordinator.GroupMetadataManager)
[2017-06-15 16:45:29,080] INFO [Group Metadata Manager on Broker 0]: Finished loading offsets from __consumer_offsets-41 in 16 milliseconds. (kafka.coordinator.GroupMetadataManager)
[2017-06-15 16:45:29,080] INFO [Group Metadata Manager on Broker 0]: Loading offsets and group metadata from __consumer_offsets-44 (kafka.coordinator.GroupMetadataManager)
[2017-06-15 16:45:29,080] INFO [Group Metadata Manager on Broker 0]: Finished loading offsets from __consumer_offsets-44 in 0 milliseconds. (kafka.coordinator.GroupMetadataManager)
[2017-06-15 16:45:29,080] INFO [Group Metadata Manager on Broker 0]: Loading offsets and group metadata from __consumer_offsets-47 (kafka.coordinator.GroupMetadataManager)
[2017-06-15 16:45:29,095] INFO [Group Metadata Manager on Broker 0]: Finished loading offsets from __consumer_offsets-47 in 15 milliseconds. (kafka.coordinator.GroupMetadataManager)
[2017-06-15 16:45:29,095] INFO [Group Metadata Manager on Broker 0]: Loading offsets and group metadata from __consumer_offsets-1 (kafka.coordinator.GroupMetadataManager)
[2017-06-15 16:45:29,095] INFO [Group Metadata Manager on Broker 0]: Finished loading offsets from __consumer_offsets-1 in 0 milliseconds. (kafka.coordinator.GroupMetadataManager)
[2017-06-15 16:45:29,095] INFO [Group Metadata Manager on Broker 0]: Loading offsets and group metadata from __consumer_offsets-4 (kafka.coordinator.GroupMetadataManager)
[2017-06-15 16:45:29,117] INFO [Group Metadata Manager on Broker 0]: Finished loading offsets from __consumer_offsets-4 in 22 milliseconds. (kafka.coordinator.GroupMetadataManager)
[2017-06-15 16:45:29,117] INFO [Group Metadata Manager on Broker 0]: Loading offsets and group metadata from __consumer_offsets-7 (kafka.coordinator.GroupMetadataManager)
[2017-06-15 16:45:29,117] INFO [Group Metadata Manager on Broker 0]: Finished loading offsets from __consumer_offsets-7 in 0 milliseconds. (kafka.coordinator.GroupMetadataManager)
[2017-06-15 16:45:29,117] INFO [Group Metadata Manager on Broker 0]: Loading offsets and group metadata from __consumer_offsets-10 (kafka.coordinator.GroupMetadataManager)
[2017-06-15 16:45:29,117] INFO [Group Metadata Manager on Broker 0]: Finished loading offsets from __consumer_offsets-10 in 0 milliseconds. (kafka.coordinator.GroupMetadataManager)
[2017-06-15 16:45:29,133] INFO [Group Metadata Manager on Broker 0]: Loading offsets and group metadata from __consumer_offsets-13 (kafka.coordinator.GroupMetadataManager)
[2017-06-15 16:45:29,133] INFO [Group Metadata Manager on Broker 0]: Finished loading offsets from __consumer_offsets-13 in 0 milliseconds. (kafka.coordinator.GroupMetadataManager)
[2017-06-15 16:45:29,133] INFO [Group Metadata Manager on Broker 0]: Loading offsets and group metadata from __consumer_offsets-16 (kafka.coordinator.GroupMetadataManager)
[2017-06-15 16:45:29,149] INFO [Group Metadata Manager on Broker 0]: Finished loading offsets from __consumer_offsets-16 in 0 milliseconds. (kafka.coordinator.GroupMetadataManager)
[2017-06-15 16:45:29,149] INFO [Group Metadata Manager on Broker 0]: Loading offsets and group metadata from __consumer_offsets-19 (kafka.coordinator.GroupMetadataManager)
[2017-06-15 16:45:29,164] INFO [Group Metadata Manager on Broker 0]: Finished loading offsets from __consumer_offsets-19 in 15 milliseconds. (kafka.coordinator.GroupMetadataManager)
[2017-06-15 16:45:29,164] INFO [Group Metadata Manager on Broker 0]: Loading offsets and group metadata from __consumer_offsets-2 (kafka.coordinator.GroupMetadataManager)
[2017-06-15 16:45:29,180] INFO [Group Metadata Manager on Broker 0]: Finished loading offsets from __consumer_offsets-2 in 16 milliseconds. (kafka.coordinator.GroupMetadataManager)
[2017-06-15 16:45:29,180] INFO [Group Metadata Manager on Broker 0]: Loading offsets and group metadata from __consumer_offsets-5 (kafka.coordinator.GroupMetadataManager)
[2017-06-15 16:45:29,180] INFO [Group Metadata Manager on Broker 0]: Finished loading offsets from __consumer_offsets-5 in 0 milliseconds. (kafka.coordinator.GroupMetadataManager)
[2017-06-15 16:45:29,180] INFO [Group Metadata Manager on Broker 0]: Loading offsets and group metadata from __consumer_offsets-8 (kafka.coordinator.GroupMetadataManager)
[2017-06-15 16:45:29,196] INFO [Group Metadata Manager on Broker 0]: Finished loading offsets from __consumer_offsets-8 in 16 milliseconds. (kafka.coordinator.GroupMetadataManager)
[2017-06-15 16:45:29,196] INFO [Group Metadata Manager on Broker 0]: Loading offsets and group metadata from __consumer_offsets-11 (kafka.coordinator.GroupMetadataManager)
[2017-06-15 16:45:29,196] INFO [Group Metadata Manager on Broker 0]: Finished loading offsets from __consumer_offsets-11 in 0 milliseconds. (kafka.coordinator.GroupMetadataManager)
[2017-06-15 16:45:29,196] INFO [Group Metadata Manager on Broker 0]: Loading offsets and group metadata from __consumer_offsets-14 (kafka.coordinator.GroupMetadataManager)
[2017-06-15 16:45:29,218] INFO [Group Metadata Manager on Broker 0]: Finished loading offsets from __consumer_offsets-14 in 19 milliseconds. (kafka.coordinator.GroupMetadataManager)
[2017-06-15 16:45:29,218] INFO [Group Metadata Manager on Broker 0]: Loading offsets and group metadata from __consumer_offsets-17 (kafka.coordinator.GroupMetadataManager)
[2017-06-15 16:45:29,218] INFO [Group Metadata Manager on Broker 0]: Finished loading offsets from __consumer_offsets-17 in 0 milliseconds. (kafka.coordinator.GroupMetadataManager)
[2017-06-15 16:45:29,218] INFO [Group Metadata Manager on Broker 0]: Loading offsets and group metadata from __consumer_offsets-20 (kafka.coordinator.GroupMetadataManager)
[2017-06-15 16:45:29,218] INFO [Group Metadata Manager on Broker 0]: Finished loading offsets from __consumer_offsets-20 in 0 milliseconds. (kafka.coordinator.GroupMetadataManager)
[2017-06-15 16:45:29,218] INFO [Group Metadata Manager on Broker 0]: Loading offsets and group metadata from __consumer_offsets-23 (kafka.coordinator.GroupMetadataManager)
[2017-06-15 16:45:29,233] INFO [Group Metadata Manager on Broker 0]: Finished loading offsets from __consumer_offsets-23 in 15 milliseconds. (kafka.coordinator.GroupMetadataManager)
[2017-06-15 16:45:29,233] INFO [Group Metadata Manager on Broker 0]: Loading offsets and group metadata from __consumer_offsets-26 (kafka.coordinator.GroupMetadataManager)
[2017-06-15 16:45:29,233] INFO [Group Metadata Manager on Broker 0]: Finished loading offsets from __consumer_offsets-26 in 0 milliseconds. (kafka.coordinator.GroupMetadataManager)
[2017-06-15 16:45:29,233] INFO [Group Metadata Manager on Broker 0]: Loading offsets and group metadata from __consumer_offsets-29 (kafka.coordinator.GroupMetadataManager)
[2017-06-15 16:45:29,249] INFO [Group Metadata Manager on Broker 0]: Finished loading offsets from __consumer_offsets-29 in 16 milliseconds. (kafka.coordinator.GroupMetadataManager)
[2017-06-15 16:45:29,249] INFO [Group Metadata Manager on Broker 0]: Loading offsets and group metadata from __consumer_offsets-32 (kafka.coordinator.GroupMetadataManager)
[2017-06-15 16:45:29,249] INFO [Group Metadata Manager on Broker 0]: Finished loading offsets from __consumer_offsets-32 in 0 milliseconds. (kafka.coordinator.GroupMetadataManager)
[2017-06-15 16:45:29,265] INFO [Group Metadata Manager on Broker 0]: Loading offsets and group metadata from __consumer_offsets-35 (kafka.coordinator.GroupMetadataManager)
[2017-06-15 16:45:29,265] INFO [Group Metadata Manager on Broker 0]: Finished loading offsets from __consumer_offsets-35 in 0 milliseconds. (kafka.coordinator.GroupMetadataManager)
[2017-06-15 16:45:29,265] INFO [Group Metadata Manager on Broker 0]: Loading offsets and group metadata from __consumer_offsets-38 (kafka.coordinator.GroupMetadataManager)
[2017-06-15 16:45:29,280] INFO [Group Metadata Manager on Broker 0]: Finished loading offsets from __consumer_offsets-38 in 15 milliseconds. (kafka.coordinator.GroupMetadataManager)
[2017-06-15 16:45:29,280] INFO [Group Metadata Manager on Broker 0]: Loading offsets and group metadata from __consumer_offsets-0 (kafka.coordinator.GroupMetadataManager)
[2017-06-15 16:45:29,280] INFO [Group Metadata Manager on Broker 0]: Finished loading offsets from __consumer_offsets-0 in 0 milliseconds. (kafka.coordinator.GroupMetadataManager)
[2017-06-15 16:45:29,280] INFO [Group Metadata Manager on Broker 0]: Loading offsets and group metadata from __consumer_offsets-3 (kafka.coordinator.GroupMetadataManager)
[2017-06-15 16:45:29,296] INFO [Group Metadata Manager on Broker 0]: Finished loading offsets from __consumer_offsets-3 in 16 milliseconds. (kafka.coordinator.GroupMetadataManager)
[2017-06-15 16:45:29,296] INFO [Group Metadata Manager on Broker 0]: Loading offsets and group metadata from __consumer_offsets-6 (kafka.coordinator.GroupMetadataManager)
[2017-06-15 16:45:29,296] INFO [Group Metadata Manager on Broker 0]: Finished loading offsets from __consumer_offsets-6 in 0 milliseconds. (kafka.coordinator.GroupMetadataManager)
[2017-06-15 16:45:29,296] INFO [Group Metadata Manager on Broker 0]: Loading offsets and group metadata from __consumer_offsets-9 (kafka.coordinator.GroupMetadataManager)
[2017-06-15 16:45:29,318] INFO [Group Metadata Manager on Broker 0]: Finished loading offsets from __consumer_offsets-9 in 22 milliseconds. (kafka.coordinator.GroupMetadataManager)
[2017-06-15 16:45:29,318] INFO [Group Metadata Manager on Broker 0]: Loading offsets and group metadata from __consumer_offsets-12 (kafka.coordinator.GroupMetadataManager)
[2017-06-15 16:45:29,334] INFO [Group Metadata Manager on Broker 0]: Finished loading offsets from __consumer_offsets-12 in 16 milliseconds. (kafka.coordinator.GroupMetadataManager)
[2017-06-15 16:45:29,334] INFO [Group Metadata Manager on Broker 0]: Loading offsets and group metadata from __consumer_offsets-15 (kafka.coordinator.GroupMetadataManager)
[2017-06-15 16:45:29,334] INFO [Group Metadata Manager on Broker 0]: Finished loading offsets from __consumer_offsets-15 in 0 milliseconds. (kafka.coordinator.GroupMetadataManager)
[2017-06-15 16:45:29,334] INFO [Group Metadata Manager on Broker 0]: Loading offsets and group metadata from __consumer_offsets-18 (kafka.coordinator.GroupMetadataManager)
[2017-06-15 16:45:29,349] INFO [Group Metadata Manager on Broker 0]: Finished loading offsets from __consumer_offsets-18 in 15 milliseconds. (kafka.coordinator.GroupMetadataManager)
[2017-06-15 16:45:29,349] INFO [Group Metadata Manager on Broker 0]: Loading offsets and group metadata from __consumer_offsets-21 (kafka.coordinator.GroupMetadataManager)
[2017-06-15 16:45:29,365] INFO [Group Metadata Manager on Broker 0]: Finished loading offsets from __consumer_offsets-21 in 0 milliseconds. (kafka.coordinator.GroupMetadataManager)
[2017-06-15 16:45:29,365] INFO [Group Metadata Manager on Broker 0]: Loading offsets and group metadata from __consumer_offsets-24 (kafka.coordinator.GroupMetadataManager)
[2017-06-15 16:45:29,365] INFO [Group Metadata Manager on Broker 0]: Finished loading offsets from __consumer_offsets-24 in 0 milliseconds. (kafka.coordinator.GroupMetadataManager)
[2017-06-15 16:45:29,365] INFO [Group Metadata Manager on Broker 0]: Loading offsets and group metadata from __consumer_offsets-27 (kafka.coordinator.GroupMetadataManager)
[2017-06-15 16:45:29,396] INFO [Group Metadata Manager on Broker 0]: Finished loading offsets from __consumer_offsets-27 in 0 milliseconds. (kafka.coordinator.GroupMetadataManager)
[2017-06-15 16:45:29,396] INFO [Group Metadata Manager on Broker 0]: Loading offsets and group metadata from __consumer_offsets-30 (kafka.coordinator.GroupMetadataManager)
[2017-06-15 16:45:29,396] INFO [Group Metadata Manager on Broker 0]: Finished loading offsets from __consumer_offsets-30 in 0 milliseconds. (kafka.coordinator.GroupMetadataManager)
[2017-06-15 16:45:29,396] INFO [Group Metadata Manager on Broker 0]: Loading offsets and group metadata from __consumer_offsets-33 (kafka.coordinator.GroupMetadataManager)
[2017-06-15 16:45:29,412] INFO [Group Metadata Manager on Broker 0]: Finished loading offsets from __consumer_offsets-33 in 16 milliseconds. (kafka.coordinator.GroupMetadataManager)
[2017-06-15 16:45:29,413] INFO [Group Metadata Manager on Broker 0]: Loading offsets and group metadata from __consumer_offsets-36 (kafka.coordinator.GroupMetadataManager)
[2017-06-15 16:45:29,518] INFO [Group Metadata Manager on Broker 0]: Finished loading offsets from __consumer_offsets-36 in 105 milliseconds. (kafka.coordinator.GroupMetadataManager)
[2017-06-15 16:45:29,518] INFO [Group Metadata Manager on Broker 0]: Loading offsets and group metadata from __consumer_offsets-39 (kafka.coordinator.GroupMetadataManager)
[2017-06-15 16:45:29,518] INFO [Group Metadata Manager on Broker 0]: Finished loading offsets from __consumer_offsets-39 in 0 milliseconds. (kafka.coordinator.GroupMetadataManager)
[2017-06-15 16:45:29,518] INFO [Group Metadata Manager on Broker 0]: Loading offsets and group metadata from __consumer_offsets-42 (kafka.coordinator.GroupMetadataManager)
[2017-06-15 16:45:29,518] INFO [Group Metadata Manager on Broker 0]: Finished loading offsets from __consumer_offsets-42 in 0 milliseconds. (kafka.coordinator.GroupMetadataManager)
[2017-06-15 16:45:29,518] INFO [Group Metadata Manager on Broker 0]: Loading offsets and group metadata from __consumer_offsets-45 (kafka.coordinator.GroupMetadataManager)
[2017-06-15 16:45:29,534] INFO [Group Metadata Manager on Broker 0]: Finished loading offsets from __consumer_offsets-45 in 16 milliseconds. (kafka.coordinator.GroupMetadataManager)
[2017-06-15 16:45:29,534] INFO [Group Metadata Manager on Broker 0]: Loading offsets and group metadata from __consumer_offsets-48 (kafka.coordinator.GroupMetadataManager)
[2017-06-15 16:45:29,534] INFO [Group Metadata Manager on Broker 0]: Finished loading offsets from __consumer_offsets-48 in 0 milliseconds. (kafka.coordinator.GroupMetadataManager)
[2017-06-15 16:45:31,097] INFO [ReplicaFetcherManager on broker 0] Removed fetcher for partitions __consumer_offsets-22,__consumer_offsets-30,__consumer_offsets-8,__consumer_offsets-21,__consumer_offsets-4,__consumer_offsets-27,__consumer_offsets-7,__consumer_offsets-9,__consumer_offsets-46,__consumer_offsets-25,__consumer_offsets-35,__consumer_offsets-41,__consumer_offsets-33,__consumer_offsets-23,__consumer_offsets-49,__consumer_offsets-47,__consumer_offsets-16,__consumer_offsets-28,__consumer_offsets-31,__consumer_offsets-36,__consumer_offsets-42,__consumer_offsets-3,__consumer_offsets-18,__consumer_offsets-37,__consumer_offsets-15,__consumer_offsets-24,__consumer_offsets-38,__consumer_offsets-17,__consumer_offsets-48,__consumer_offsets-19,__consumer_offsets-11,__consumer_offsets-13,__consumer_offsets-2,__consumer_offsets-43,__consumer_offsets-6,__consumer_offsets-14,__consumer_offsets-20,__consumer_offsets-0,__consumer_offsets-44,__consumer_offsets-39,__consumer_offsets-12,__consumer_offsets-45,__consumer_offsets-1,__consumer_offsets-5,__consumer_offsets-26,__consumer_offsets-29,__consumer_offsets-34,__consumer_offsets-10,speckvonschmeck-0,__consumer_offsets-32,__consumer_offsets-40 (kafka.server.ReplicaFetcherManager)
[2017-06-15 16:55:16,820] INFO [Group Metadata Manager on Broker 0]: Removed 0 expired offsets in 0 milliseconds. (kafka.coordinator.GroupMetadataManager)
[2017-06-15 17:05:16,815] INFO [Group Metadata Manager on Broker 0]: Removed 0 expired offsets in 0 milliseconds. (kafka.coordinator.GroupMetadataManager)
